#
# A fatal error has been detected by the Java Runtime Environment:
#
#  SIGSEGV (0xb) at pc=0x00007fff95f7ee5d, pid=11161, tid=2571
#
# JRE version: Java(TM) SE Runtime Environment (8.0_66-b17) (build 1.8.0_66-b17)
# Java VM: Java HotSpot(TM) 64-Bit Server VM (25.66-b17 mixed mode bsd-amd64 compressed oops)
# Problematic frame:
# C  [libobjc.A.dylib+0x7e5d]  objc_msgSend+0x1d
#
# Failed to write core dump. Core dumps have been disabled. To enable core dumping, try "ulimit -c unlimited" before starting Java again
#
# If you would like to submit a bug report, please visit:
#   http://bugreport.java.com/bugreport/crash.jsp
# The crash happened outside the Java Virtual Machine in native code.
# See problematic frame for where to report the bug.
#

---------------  T H R E A D  ---------------

Current thread (0x00007fc734909800):  JavaThread "AppKit Thread" daemon [_thread_in_native, id=2571, stack(0x00007fff55211000,0x00007fff55a11000)]

siginfo: si_signo: 11 (SIGSEGV), si_code: 1 (SEGV_MAPERR), si_addr: 0x0000000000000018

Registers:
RAX=0x0000000000000000, RBX=0x00007fc731555520, RCX=0x0000000123173ce0, RDX=0x0000000000000000
RSP=0x00007fff55a0c538, RBP=0x00007fff55a0c560, RSI=0x00007fff8bfdf9d9, RDI=0x00007fc731775b30
R8 =0x00007fc732118c00, R9 =0xffffffffffffffff, R10=0x00007fff8bfdf9d9, R11=0x0000000000000000
R12=0x0000000000000094, R13=0x00007fc731540230, R14=0x00007fc731775b30, R15=0x0000000000000000
RIP=0x00007fff95f7ee5d, EFLAGS=0x0000000000010246, ERR=0x0000000000000004
  TRAPNO=0x000000000000000e

Top of Stack: (sp=0x00007fff55a0c538)
0x00007fff55a0c538:   0000000124f2a598 00007fc731555520
0x00007fff55a0c548:   0000000124f5ec60 00007fc731540230
0x00007fff55a0c558:   00007fc731555520 00007fff55a0ca40
0x00007fff55a0c568:   00007fff8b70167f 0000000000000000
0x00007fff55a0c578:   0000000000000000 4094000000000000
0x00007fff55a0c588:   4086800000000000 0000000000000000
0x00007fff55a0c598:   0000000000000000 4094000000000000
0x00007fff55a0c5a8:   4086800000000000 0000000000000000
0x00007fff55a0c5b8:   0000000000000000 4094000000000000
0x00007fff55a0c5c8:   4087300000000000 401c000000000000
0x00007fff55a0c5d8:   4086980000000000 0000000000000000
0x00007fff55a0c5e8:   0000000000000000 00007fff8bf9ef3a
0x00007fff55a0c5f8:   4086980000000000 402c000000000000
0x00007fff55a0c608:   00007fc7315575e0 0000000100000000
0x00007fff55a0c618:   0000000000000000 00007fc731540970
0x00007fff55a0c628:   0000000000000000 0000000000000000
0x00007fff55a0c638:   00007fff55a0c800 00007fff55a0c790
0x00007fff55a0c648:   00007fff8b7c487e 401c000000000000
0x00007fff55a0c658:   4086980000000000 00007fff55a0c790
0x00007fff55a0c668:   00007fff8b7c6650 401c000000000000
0x00007fff55a0c678:   4086980000000000 402c000000000000
0x00007fff55a0c688:   4030000000000000 0000000000000000
0x00007fff55a0c698:   0000000000000000 4094000000000000
0x00007fff55a0c6a8:   4087300000000000 401c000000000000
0x00007fff55a0c6b8:   4086980000000000 402c000000000000
0x00007fff55a0c6c8:   4030000000000000 0000000000000000
0x00007fff55a0c6d8:   0000000000000000 000000010a211600
0x00007fff55a0c6e8:   0000000000000004 00007fc731496750
0x00007fff55a0c6f8:   0000000000000006 0000000000000966
0x00007fff55a0c708:   000000010a20a000 00007fff55a0c7b0
0x00007fff55a0c718:   00007fff90319ddc 0000000000000000
0x00007fff55a0c728:   0000000000000000 0000000000000967 

Instructions: (pc=0x00007fff95f7ee5d)
0x00007fff95f7ee3d:   44 00 00 48 85 ff 2e 74 62 40 f6 c7 01 2e 75 66
0x00007fff95f7ee4d:   49 bb f8 ff ff ff ff 7f 00 00 4c 23 1f 49 89 f2
0x00007fff95f7ee5d:   45 23 53 18 49 c1 e2 04 4d 03 53 10 49 3b 32 75
0x00007fff95f7ee6d:   04 41 ff 62 08 49 83 3a 01 76 0d 49 83 c2 10 49 

Register to memory mapping:

RAX=0x0000000000000000 is an unknown value
RBX=0x00007fc731555520 is an unknown value
RCX=0x0000000123173ce0 is an unknown value
RDX=0x0000000000000000 is an unknown value
RSP=0x00007fff55a0c538 is pointing into the stack for thread: 0x00007fc734909800
RBP=0x00007fff55a0c560 is pointing into the stack for thread: 0x00007fc734909800
RSI=0x00007fff8bfdf9d9: -[NSTitlebarContainerView transparent]+0x63053 in /System/Library/Frameworks/AppKit.framework/Versions/C/AppKit at 0x00007fff8b558000
RDI=0x00007fc731775b30 is an unknown value
R8 =0x00007fc732118c00 is an unknown value
R9 =0xffffffffffffffff is an unknown value
R10=0x00007fff8bfdf9d9: -[NSTitlebarContainerView transparent]+0x63053 in /System/Library/Frameworks/AppKit.framework/Versions/C/AppKit at 0x00007fff8b558000
R11=0x0000000000000000 is an unknown value
R12=0x0000000000000094 is an unknown value
R13=0x00007fc731540230 is an unknown value
R14=0x00007fc731775b30 is an unknown value
R15=0x0000000000000000 is an unknown value


Stack: [0x00007fff55211000,0x00007fff55a11000],  sp=0x00007fff55a0c538,  free space=8173k
Native frames: (J=compiled Java code, j=interpreted, Vv=VM code, C=native code)
C  [libobjc.A.dylib+0x7e5d]  objc_msgSend+0x1d
C  [AppKit+0x1a967f]  -[NSView _recursiveDisplayRectIfNeededIgnoringOpacity:isVisibleRect:rectIsVisibleRectForView:topView:]+0x6e2
C  [AppKit+0x1aa66d]  -[NSView _recursiveDisplayRectIfNeededIgnoringOpacity:isVisibleRect:rectIsVisibleRectForView:topView:]+0x16d0
C  [AppKit+0x1a8ac8]  -[NSThemeFrame _recursiveDisplayRectIfNeededIgnoringOpacity:isVisibleRect:rectIsVisibleRectForView:topView:]+0x14e
C  [AppKit+0x1a6ed3]  -[NSView _displayRectIgnoringOpacity:isVisibleRect:rectIsVisibleRectForView:]+0x991
C  [AppKit+0x1a22e1]  -[NSView displayIfNeeded]+0x79e
C  [AppKit+0x1a1b28]  -[NSWindow displayIfNeeded]+0xe8
C  [AppKit+0x8200be]  ___NSWindowGetDisplayCycleObserver_block_invoke6323+0x1dc
C  [AppKit+0x1a14c3]  __37+[NSDisplayCycle currentDisplayCycle]_block_invoke+0x2e2
C  [QuartzCore+0x117d1]  _ZN2CA11Transaction19run_commit_handlersE18CATransactionPhase+0x55
C  [QuartzCore+0x10c8c]  _ZN2CA7Context18commit_transactionEPNS_11TransactionE+0xa0
C  [QuartzCore+0x1094c]  _ZN2CA11Transaction6commitEv+0x1fc
C  [QuartzCore+0x1c13b]  _ZN2CA11Transaction17observer_callbackEP19__CFRunLoopObservermPv+0x47
C  [CoreFoundation+0xaa097]  __CFRUNLOOP_IS_CALLING_OUT_TO_AN_OBSERVER_CALLBACK_FUNCTION__+0x17
C  [CoreFoundation+0xaa007]  __CFRunLoopDoObservers+0x187
C  [CoreFoundation+0x88fe8]  CFRunLoopRunSpecific+0x148
C  [HIToolbox+0x30d55]  RunCurrentEventLoopInMode+0xeb
C  [HIToolbox+0x30a97]  ReceiveNextEventCommon+0xb8
C  [HIToolbox+0x309cf]  _BlockUntilNextEventMatchingListInModeWithFilter+0x47
C  [AppKit+0x49d96]  _DPSNextEvent+0x42b
C  [AppKit+0x491c5]  -[NSApplication _nextEventMatchingEventMask:untilDate:inMode:dequeue:]+0x1c6
C  [libosxapp.dylib+0x23aa]  -[NSApplicationAWT nextEventMatchingMask:untilDate:inMode:dequeue:]+0x7c
C  [AppKit+0x3dd28]  -[NSApplication run]+0x2aa
C  [libosxapp.dylib+0x214d]  +[NSApplicationAWT runAWTLoopWithApp:]+0x9c
C  [libawt_lwawt.dylib+0x4455b]  -[AWTStarter starter:]+0x389
C  [Foundation+0x7741e]  __NSThreadPerformPerform+0x117
C  [CoreFoundation+0xaa8b1]  __CFRUNLOOP_IS_CALLING_OUT_TO_A_SOURCE0_PERFORM_FUNCTION__+0x11
C  [CoreFoundation+0x8a0ac]  __CFRunLoopDoSources0+0x22c
C  [CoreFoundation+0x895cf]  __CFRunLoopRun+0x39f
C  [CoreFoundation+0x88fc8]  CFRunLoopRunSpecific+0x128
C  [java+0x6463]  CreateExecutionEnvironment+0x367
C  [java+0x21ac]  JLI_Launch+0x7a0
C  [java+0x84c0]  main+0x65
C  [java+0x1a04]  start+0x34
C  0x0000000000000008


---------------  P R O C E S S  ---------------

Java Threads: ( => current thread )
  0x00007fc73193c000 JavaThread "AWT-Shutdown" [_thread_blocked, id=32023, stack(0x000070000165f000,0x000070000175f000)]
  0x00007fc734999800 JavaThread "Java2D Queue Flusher" daemon [_thread_blocked, id=66567, stack(0x0000700001a71000,0x0000700001b71000)]
  0x00007fc732180000 JavaThread "Java2D Disposer" daemon [_thread_blocked, id=65287, stack(0x000070000196e000,0x0000700001a6e000)]
=>0x00007fc734909800 JavaThread "AppKit Thread" daemon [_thread_in_native, id=2571, stack(0x00007fff55211000,0x00007fff55a11000)]
  0x00007fc73182d000 JavaThread "Service Thread" daemon [_thread_blocked, id=20995, stack(0x00007000012d0000,0x00007000013d0000)]
  0x00007fc734827800 JavaThread "C1 CompilerThread3" daemon [_thread_blocked, id=20483, stack(0x00007000011cd000,0x00007000012cd000)]
  0x00007fc73401f800 JavaThread "C2 CompilerThread2" daemon [_thread_blocked, id=19971, stack(0x00007000010ca000,0x00007000011ca000)]
  0x00007fc73401f000 JavaThread "C2 CompilerThread1" daemon [_thread_blocked, id=19459, stack(0x0000700000fc7000,0x00007000010c7000)]
  0x00007fc73182c800 JavaThread "C2 CompilerThread0" daemon [_thread_blocked, id=18947, stack(0x0000700000ec4000,0x0000700000fc4000)]
  0x00007fc73182b800 JavaThread "Signal Dispatcher" daemon [_thread_blocked, id=15887, stack(0x0000700000dc1000,0x0000700000ec1000)]
  0x00007fc732000800 JavaThread "Finalizer" daemon [_thread_blocked, id=14339, stack(0x0000700000c3b000,0x0000700000d3b000)]
  0x00007fc734822000 JavaThread "Reference Handler" daemon [_thread_blocked, id=13827, stack(0x0000700000b38000,0x0000700000c38000)]
  0x00007fc734001800 JavaThread "main" [_thread_in_native, id=5891, stack(0x000070000011a000,0x000070000021a000)]

Other Threads:
  0x00007fc73481f800 VMThread [stack: 0x0000700000a35000,0x0000700000b35000] [id=13315]
  0x00007fc734020800 WatcherThread [stack: 0x00007000013d3000,0x00007000014d3000] [id=21507]

VM state:not at safepoint (normal execution)

VM Mutex/Monitor currently owned by a thread: None

Heap:
 PSYoungGen      total 305664K, used 247155K [0x00000007aab00000, 0x00000007c0000000, 0x00000007c0000000)
  eden space 262144K, 78% used [0x00000007aab00000,0x00000007b73329c8,0x00000007bab00000)
  from space 43520K, 96% used [0x00000007bab00000,0x00000007bd42a368,0x00000007bd580000)
  to   space 43520K, 0% used [0x00000007bd580000,0x00000007bd580000,0x00000007c0000000)
 ParOldGen       total 699392K, used 48754K [0x0000000780000000, 0x00000007aab00000, 0x00000007aab00000)
  object space 699392K, 6% used [0x0000000780000000,0x0000000782f9c860,0x00000007aab00000)
 Metaspace       used 10831K, capacity 10977K, committed 11264K, reserved 1058816K
  class space    used 1156K, capacity 1215K, committed 1280K, reserved 1048576K

Card table byte_map: [0x000000011b946000,0x000000011bb47000] byte_map_base: 0x0000000117d46000

Marking Bits: (ParMarkBitMap*) 0x000000010bedde20
 Begin Bits: [0x000000011bc9d000, 0x000000011cc9d000)
 End Bits:   [0x000000011cc9d000, 0x000000011dc9d000)

Polling page: 0x000000010a4b2000

CodeCache: size=245760Kb used=3450Kb max_used=3450Kb free=242310Kb
 bounds [0x000000010c586000, 0x000000010c8f6000, 0x000000011b586000]
 total_blobs=1424 nmethods=904 adapters=434
 compilation: enabled

Compilation events (10 events):
Event: 7.083 Thread 0x00007fc734827800  900       1       java.nio.HeapByteBuffer::_put (8 bytes)
Event: 7.083 Thread 0x00007fc734827800 nmethod 900 0x000000010c8e5450 code [0x000000010c8e55a0, 0x000000010c8e56d0]
Event: 7.083 Thread 0x00007fc734827800  901       3       java.nio.Buffer::nextPutIndex (38 bytes)
Event: 7.083 Thread 0x00007fc734827800 nmethod 901 0x000000010c8e5790 code [0x000000010c8e5900, 0x000000010c8e5b28]
Event: 7.395 Thread 0x00007fc734827800  902       1       Entity.Player::getX (5 bytes)
Event: 7.395 Thread 0x00007fc734827800 nmethod 902 0x000000010c8e5c10 code [0x000000010c8e5d60, 0x000000010c8e5e70]
Event: 7.452 Thread 0x00007fc734827800  903       1       java.util.concurrent.locks.AbstractQueuedSynchronizer::getState (5 bytes)
Event: 7.452 Thread 0x00007fc734827800 nmethod 903 0x000000010c8e5ed0 code [0x000000010c8e6020, 0x000000010c8e6130]
Event: 7.592 Thread 0x00007fc734827800  904       3       Entity.Player::slowX (59 bytes)
Event: 7.592 Thread 0x00007fc734827800 nmethod 904 0x000000010c8e6190 code [0x000000010c8e6300, 0x000000010c8e6570]

GC Heap History (2 events):
Event: 1.616 GC heap before
{Heap before GC invocations=1 (full 0):
 PSYoungGen      total 305664K, used 262144K [0x00000007aab00000, 0x00000007c0000000, 0x00000007c0000000)
  eden space 262144K, 100% used [0x00000007aab00000,0x00000007bab00000,0x00000007bab00000)
  from space 43520K, 0% used [0x00000007bd580000,0x00000007bd580000,0x00000007c0000000)
  to   space 43520K, 0% used [0x00000007bab00000,0x00000007bab00000,0x00000007bd580000)
 ParOldGen       total 699392K, used 0K [0x0000000780000000, 0x00000007aab00000, 0x00000007aab00000)
  object space 699392K, 0% used [0x0000000780000000,0x0000000780000000,0x00000007aab00000)
 Metaspace       used 9389K, capacity 9569K, committed 9856K, reserved 1058816K
  class space    used 1008K, capacity 1087K, committed 1152K, reserved 1048576K
Event: 1.639 GC heap after
Heap after GC invocations=1 (full 0):
 PSYoungGen      total 305664K, used 42152K [0x00000007aab00000, 0x00000007c0000000, 0x00000007c0000000)
  eden space 262144K, 0% used [0x00000007aab00000,0x00000007aab00000,0x00000007bab00000)
  from space 43520K, 96% used [0x00000007bab00000,0x00000007bd42a368,0x00000007bd580000)
  to   space 43520K, 0% used [0x00000007bd580000,0x00000007bd580000,0x00000007c0000000)
 ParOldGen       total 699392K, used 48754K [0x0000000780000000, 0x00000007aab00000, 0x00000007aab00000)
  object space 699392K, 6% used [0x0000000780000000,0x0000000782f9c860,0x00000007aab00000)
 Metaspace       used 9389K, capacity 9569K, committed 9856K, reserved 1058816K
  class space    used 1008K, capacity 1087K, committed 1152K, reserved 1048576K
}

Deoptimization events (9 events):
Event: 0.866 Thread 0x00007fc734001800 Uncommon trap: reason=unstable_if action=reinterpret pc=0x000000010c7c556c method=org.newdawn.slick.opengl.PNGDecoder.unfilterPaeth([B[B)V @ 149
Event: 0.895 Thread 0x00007fc734001800 Uncommon trap: reason=unstable_if action=reinterpret pc=0x000000010c78932c method=java.lang.String.indexOf([CII[CIII)I @ 3
Event: 0.898 Thread 0x00007fc734001800 Uncommon trap: reason=class_check action=maybe_recompile pc=0x000000010c7afdd8 method=java.util.HashMap.putVal(ILjava/lang/Object;Ljava/lang/Object;ZZ)Ljava/lang/Object; @ 253
Event: 0.898 Thread 0x00007fc734001800 Uncommon trap: reason=class_check action=maybe_recompile pc=0x000000010c7afdd8 method=java.util.HashMap.putVal(ILjava/lang/Object;Ljava/lang/Object;ZZ)Ljava/lang/Object; @ 253
Event: 0.898 Thread 0x00007fc734001800 Uncommon trap: reason=class_check action=maybe_recompile pc=0x000000010c7afdd8 method=java.util.HashMap.putVal(ILjava/lang/Object;Ljava/lang/Object;ZZ)Ljava/lang/Object; @ 253
Event: 0.898 Thread 0x00007fc734001800 Uncommon trap: reason=class_check action=maybe_recompile pc=0x000000010c7afdd8 method=java.util.HashMap.putVal(ILjava/lang/Object;Ljava/lang/Object;ZZ)Ljava/lang/Object; @ 253
Event: 0.898 Thread 0x00007fc734001800 Uncommon trap: reason=class_check action=maybe_recompile pc=0x000000010c7a093c method=java.util.HashMap.putVal(ILjava/lang/Object;Ljava/lang/Object;ZZ)Ljava/lang/Object; @ 253
Event: 1.212 Thread 0x00007fc734001800 Uncommon trap: reason=unstable_if action=reinterpret pc=0x000000010c818810 method=java.awt.image.ComponentColorModel.getDataElements(ILjava/lang/Object;)Ljava/lang/Object; @ 2993
Event: 1.213 Thread 0x00007fc734001800 Uncommon trap: reason=unstable_if action=reinterpret pc=0x000000010c80f4ec method=sun.awt.image.ByteInterleavedRaster.getDataElements(IILjava/lang/Object;)Ljava/lang/Object; @ 43

Internal exceptions (10 events):
Event: 0.108 Thread 0x00007fc734001800 Exception <a 'java/security/PrivilegedActionException'> (0x00000007aacad130) thrown at [/HUDSON3/workspace/8-2-build-macosx-x86_64/jdk8u66/4988/hotspot/src/share/vm/prims/jvm.cpp, line 1386]
Event: 0.108 Thread 0x00007fc734001800 Exception <a 'java/security/PrivilegedActionException'> (0x00000007aacad340) thrown at [/HUDSON3/workspace/8-2-build-macosx-x86_64/jdk8u66/4988/hotspot/src/share/vm/prims/jvm.cpp, line 1386]
Event: 0.109 Thread 0x00007fc734001800 Exception <a 'java/security/PrivilegedActionException'> (0x00000007aacb07c8) thrown at [/HUDSON3/workspace/8-2-build-macosx-x86_64/jdk8u66/4988/hotspot/src/share/vm/prims/jvm.cpp, line 1386]
Event: 0.109 Thread 0x00007fc734001800 Exception <a 'java/security/PrivilegedActionException'> (0x00000007aacb09d8) thrown at [/HUDSON3/workspace/8-2-build-macosx-x86_64/jdk8u66/4988/hotspot/src/share/vm/prims/jvm.cpp, line 1386]
Event: 0.142 Thread 0x00007fc734001800 Exception <a 'java/lang/NoSuchFieldError': method resolution failed> (0x00000007aad7fbc0) thrown at [/HUDSON3/workspace/8-2-build-macosx-x86_64/jdk8u66/4988/hotspot/src/share/vm/prims/methodHandles.cpp, line 1146]
Event: 0.143 Thread 0x00007fc734001800 Exception <a 'java/lang/NoSuchFieldError': method resolution failed> (0x00000007aad8d310) thrown at [/HUDSON3/workspace/8-2-build-macosx-x86_64/jdk8u66/4988/hotspot/src/share/vm/prims/methodHandles.cpp, line 1146]
Event: 0.365 Thread 0x00007fc734001800 Exception <a 'java/io/FileNotFoundException'> (0x00000007aae08948) thrown at [/HUDSON3/workspace/8-2-build-macosx-x86_64/jdk8u66/4988/hotspot/src/share/vm/prims/jni.cpp, line 709]
Event: 0.365 Thread 0x00007fc734001800 Exception <a 'java/io/FileNotFoundException'> (0x00000007aae094b8) thrown at [/HUDSON3/workspace/8-2-build-macosx-x86_64/jdk8u66/4988/hotspot/src/share/vm/prims/jni.cpp, line 709]
Event: 1.212 Thread 0x00007fc734001800 Implicit null exception at 0x000000010c818226 to 0x000000010c8187f5
Event: 1.213 Thread 0x00007fc734001800 Implicit null exception at 0x000000010c80f2a4 to 0x000000010c80f4d1

Events (10 events):
Event: 3.226 Thread 0x00007fc734001800 DEOPT PACKING pc=0x000000010c88f7f9 sp=0x00007000002193a0
Event: 3.226 Thread 0x00007fc734001800 DEOPT UNPACKING pc=0x000000010c5cd633 sp=0x00007000002191d0 mode 0
Event: 3.676 loading class main/Utilities
Event: 3.676 loading class main/Utilities done
Event: 3.676 loading class java/lang/StrictMath
Event: 3.676 loading class java/lang/StrictMath done
Event: 4.090 Executing VM operation: EnableBiasedLocking
Event: 4.090 Executing VM operation: EnableBiasedLocking done
Event: 7.869 loading class org/lwjgl/opengl/CallbackUtil
Event: 7.869 loading class org/lwjgl/opengl/CallbackUtil done


Dynamic libraries:
0x0000000001832000 	/System/Library/Frameworks/Cocoa.framework/Versions/A/Cocoa
0x0000000001832000 	/System/Library/Frameworks/Security.framework/Versions/A/Security
0x0000000001832000 	/System/Library/Frameworks/ApplicationServices.framework/Versions/A/ApplicationServices
0x0000000001832000 	/usr/lib/libz.1.dylib
0x0000000001832000 	/usr/lib/libSystem.B.dylib
0x0000000001832000 	/usr/lib/libobjc.A.dylib
0x0000000001832000 	/System/Library/Frameworks/CoreFoundation.framework/Versions/A/CoreFoundation
0x0000000001832000 	/System/Library/Frameworks/Foundation.framework/Versions/C/Foundation
0x0000000001832000 	/System/Library/Frameworks/AppKit.framework/Versions/C/AppKit
0x0000000001832000 	/System/Library/Frameworks/CoreData.framework/Versions/A/CoreData
0x0000000001832000 	/System/Library/PrivateFrameworks/RemoteViewServices.framework/Versions/A/RemoteViewServices
0x0000000001832000 	/System/Library/PrivateFrameworks/UIFoundation.framework/Versions/A/UIFoundation
0x0000000001832000 	/usr/lib/libScreenReader.dylib
0x0000000001832000 	/System/Library/Frameworks/Accelerate.framework/Versions/A/Accelerate
0x0000000001832000 	/System/Library/Frameworks/IOSurface.framework/Versions/A/IOSurface
0x0000000001832000 	/System/Library/Frameworks/AudioToolbox.framework/Versions/A/AudioToolbox
0x0000000001832000 	/System/Library/Frameworks/AudioUnit.framework/Versions/A/AudioUnit
0x0000000001832000 	/System/Library/PrivateFrameworks/DataDetectorsCore.framework/Versions/A/DataDetectorsCore
0x0000000001832000 	/System/Library/PrivateFrameworks/DesktopServicesPriv.framework/Versions/A/DesktopServicesPriv
0x0000000001832000 	/System/Library/Frameworks/Carbon.framework/Versions/A/Frameworks/HIToolbox.framework/Versions/A/HIToolbox
0x0000000001832000 	/System/Library/Frameworks/QuartzCore.framework/Versions/A/QuartzCore
0x0000000001832000 	/System/Library/Frameworks/Carbon.framework/Versions/A/Frameworks/SpeechRecognition.framework/Versions/A/SpeechRecognition
0x0000000001832000 	/usr/lib/libauto.dylib
0x0000000001832000 	/usr/lib/libicucore.A.dylib
0x0000000001832000 	/usr/lib/libxml2.2.dylib
0x0000000001832000 	/System/Library/PrivateFrameworks/CoreUI.framework/Versions/A/CoreUI
0x0000000001832000 	/System/Library/Frameworks/CoreAudio.framework/Versions/A/CoreAudio
0x0000000001832000 	/System/Library/Frameworks/DiskArbitration.framework/Versions/A/DiskArbitration
0x0000000001832000 	/usr/lib/liblangid.dylib
0x0000000001832000 	/System/Library/PrivateFrameworks/MultitouchSupport.framework/Versions/A/MultitouchSupport
0x0000000001832000 	/System/Library/Frameworks/IOKit.framework/Versions/A/IOKit
0x0000000001832000 	/usr/lib/libDiagnosticMessagesClient.dylib
0x0000000001832000 	/System/Library/Frameworks/CoreServices.framework/Versions/A/CoreServices
0x0000000001832000 	/System/Library/PrivateFrameworks/PerformanceAnalysis.framework/Versions/A/PerformanceAnalysis
0x0000000001832000 	/System/Library/PrivateFrameworks/GenerationalStorage.framework/Versions/A/GenerationalStorage
0x0000000001832000 	/System/Library/Frameworks/OpenGL.framework/Versions/A/OpenGL
0x0000000001832000 	/System/Library/PrivateFrameworks/Sharing.framework/Versions/A/Sharing
0x0000000001832000 	/System/Library/Frameworks/CoreGraphics.framework/Versions/A/CoreGraphics
0x0000000001832000 	/System/Library/Frameworks/CoreImage.framework/Versions/A/CoreImage
0x0000000001832000 	/System/Library/Frameworks/CoreText.framework/Versions/A/CoreText
0x0000000001832000 	/System/Library/Frameworks/ImageIO.framework/Versions/A/ImageIO
0x0000000001832000 	/System/Library/PrivateFrameworks/Backup.framework/Versions/A/Backup
0x0000000001832000 	/usr/lib/libextension.dylib
0x0000000001832000 	/usr/lib/libarchive.2.dylib
0x0000000001832000 	/System/Library/Frameworks/CFNetwork.framework/Versions/A/CFNetwork
0x0000000001832000 	/System/Library/Frameworks/SystemConfiguration.framework/Versions/A/SystemConfiguration
0x0000000001832000 	/usr/lib/libCRFSuite.dylib
0x0000000001832000 	/usr/lib/libc++.1.dylib
0x0000000001832000 	/usr/lib/libc++abi.dylib
0x0000000001832000 	/usr/lib/system/libcache.dylib
0x0000000001832000 	/usr/lib/system/libcommonCrypto.dylib
0x0000000001832000 	/usr/lib/system/libcompiler_rt.dylib
0x0000000001832000 	/usr/lib/system/libcopyfile.dylib
0x0000000001832000 	/usr/lib/system/libcorecrypto.dylib
0x0000000001832000 	/usr/lib/system/libdispatch.dylib
0x0000000001832000 	/usr/lib/system/libdyld.dylib
0x0000000001832000 	/usr/lib/system/libkeymgr.dylib
0x0000000001832000 	/usr/lib/system/liblaunch.dylib
0x0000000001832000 	/usr/lib/system/libmacho.dylib
0x0000000001832000 	/usr/lib/system/libquarantine.dylib
0x0000000001832000 	/usr/lib/system/libremovefile.dylib
0x0000000001832000 	/usr/lib/system/libsystem_asl.dylib
0x0000000001832000 	/usr/lib/system/libsystem_blocks.dylib
0x0000000001832000 	/usr/lib/system/libsystem_c.dylib
0x0000000001832000 	/usr/lib/system/libsystem_configuration.dylib
0x0000000001832000 	/usr/lib/system/libsystem_coreservices.dylib
0x0000000001832000 	/usr/lib/system/libsystem_coretls.dylib
0x0000000001832000 	/usr/lib/system/libsystem_dnssd.dylib
0x0000000001832000 	/usr/lib/system/libsystem_info.dylib
0x0000000001832000 	/usr/lib/system/libsystem_kernel.dylib
0x0000000001832000 	/usr/lib/system/libsystem_m.dylib
0x0000000001832000 	/usr/lib/system/libsystem_malloc.dylib
0x0000000001832000 	/usr/lib/system/libsystem_network.dylib
0x0000000001832000 	/usr/lib/system/libsystem_networkextension.dylib
0x0000000001832000 	/usr/lib/system/libsystem_notify.dylib
0x0000000001832000 	/usr/lib/system/libsystem_platform.dylib
0x0000000001832000 	/usr/lib/system/libsystem_pthread.dylib
0x0000000001832000 	/usr/lib/system/libsystem_sandbox.dylib
0x0000000001832000 	/usr/lib/system/libsystem_secinit.dylib
0x0000000001832000 	/usr/lib/system/libsystem_trace.dylib
0x0000000001832000 	/usr/lib/system/libunc.dylib
0x0000000001832000 	/usr/lib/system/libunwind.dylib
0x0000000001832000 	/usr/lib/system/libxpc.dylib
0x0000000001832000 	/usr/lib/libenergytrace.dylib
0x0000000001832000 	/usr/lib/libbsm.0.dylib
0x0000000001832000 	/usr/lib/system/libkxld.dylib
0x0000000001832000 	/usr/lib/libxar.1.dylib
0x0000000001832000 	/usr/lib/libsqlite3.dylib
0x0000000001832000 	/usr/lib/libpam.2.dylib
0x0000000001832000 	/usr/lib/libOpenScriptingUtil.dylib
0x0000000001832000 	/usr/lib/libbz2.1.0.dylib
0x0000000001832000 	/usr/lib/liblzma.5.dylib
0x0000000001832000 	/System/Library/Frameworks/CoreServices.framework/Versions/A/Frameworks/FSEvents.framework/Versions/A/FSEvents
0x0000000001832000 	/System/Library/Frameworks/CoreServices.framework/Versions/A/Frameworks/CarbonCore.framework/Versions/A/CarbonCore
0x0000000001832000 	/System/Library/Frameworks/CoreServices.framework/Versions/A/Frameworks/Metadata.framework/Versions/A/Metadata
0x0000000001832000 	/System/Library/Frameworks/CoreServices.framework/Versions/A/Frameworks/OSServices.framework/Versions/A/OSServices
0x0000000001832000 	/System/Library/Frameworks/CoreServices.framework/Versions/A/Frameworks/SearchKit.framework/Versions/A/SearchKit
0x0000000001832000 	/System/Library/Frameworks/CoreServices.framework/Versions/A/Frameworks/AE.framework/Versions/A/AE
0x0000000001832000 	/System/Library/Frameworks/CoreServices.framework/Versions/A/Frameworks/LaunchServices.framework/Versions/A/LaunchServices
0x0000000001832000 	/System/Library/Frameworks/CoreServices.framework/Versions/A/Frameworks/DictionaryServices.framework/Versions/A/DictionaryServices
0x0000000001832000 	/System/Library/Frameworks/CoreServices.framework/Versions/A/Frameworks/SharedFileList.framework/Versions/A/SharedFileList
0x0000000001832000 	/System/Library/Frameworks/NetFS.framework/Versions/A/NetFS
0x0000000001832000 	/System/Library/PrivateFrameworks/NetAuth.framework/Versions/A/NetAuth
0x0000000001832000 	/System/Library/PrivateFrameworks/login.framework/Versions/A/Frameworks/loginsupport.framework/Versions/A/loginsupport
0x0000000001832000 	/System/Library/PrivateFrameworks/TCC.framework/Versions/A/TCC
0x0000000001832000 	/usr/lib/libmecabra.dylib
0x0000000001832000 	/System/Library/Frameworks/ApplicationServices.framework/Versions/A/Frameworks/ATS.framework/Versions/A/ATS
0x0000000001832000 	/System/Library/Frameworks/ApplicationServices.framework/Versions/A/Frameworks/ColorSync.framework/Versions/A/ColorSync
0x0000000001832000 	/System/Library/Frameworks/ApplicationServices.framework/Versions/A/Frameworks/HIServices.framework/Versions/A/HIServices
0x0000000001832000 	/System/Library/Frameworks/ApplicationServices.framework/Versions/A/Frameworks/LangAnalysis.framework/Versions/A/LangAnalysis
0x0000000001832000 	/System/Library/Frameworks/ApplicationServices.framework/Versions/A/Frameworks/PrintCore.framework/Versions/A/PrintCore
0x0000000001832000 	/System/Library/Frameworks/ApplicationServices.framework/Versions/A/Frameworks/QD.framework/Versions/A/QD
0x0000000001832000 	/System/Library/Frameworks/ApplicationServices.framework/Versions/A/Frameworks/SpeechSynthesis.framework/Versions/A/SpeechSynthesis
0x0000000001832000 	/System/Library/Frameworks/Metal.framework/Versions/A/Metal
0x0000000001832000 	/System/Library/Frameworks/Accelerate.framework/Versions/A/Frameworks/vImage.framework/Versions/A/vImage
0x0000000001832000 	/System/Library/Frameworks/Accelerate.framework/Versions/A/Frameworks/vecLib.framework/Versions/A/vecLib
0x0000000001832000 	/System/Library/Frameworks/Accelerate.framework/Versions/A/Frameworks/vecLib.framework/Versions/A/libvDSP.dylib
0x0000000001832000 	/System/Library/Frameworks/Accelerate.framework/Versions/A/Frameworks/vecLib.framework/Versions/A/libvMisc.dylib
0x0000000001832000 	/System/Library/Frameworks/Accelerate.framework/Versions/A/Frameworks/vecLib.framework/Versions/A/libLAPACK.dylib
0x0000000001832000 	/System/Library/Frameworks/Accelerate.framework/Versions/A/Frameworks/vecLib.framework/Versions/A/libBLAS.dylib
0x0000000001832000 	/System/Library/Frameworks/Accelerate.framework/Versions/A/Frameworks/vecLib.framework/Versions/A/libLinearAlgebra.dylib
0x0000000001832000 	/System/Library/Frameworks/Accelerate.framework/Versions/A/Frameworks/vecLib.framework/Versions/A/libSparseBLAS.dylib
0x0000000001832000 	/System/Library/PrivateFrameworks/GPUCompiler.framework/libmetal_timestamp.dylib
0x0000000001832000 	/System/Library/Frameworks/OpenGL.framework/Versions/A/Libraries/libCoreFSCache.dylib
0x0000000001832000 	/System/Library/PrivateFrameworks/IOAccelerator.framework/Versions/A/IOAccelerator
0x0000000001832000 	/System/Library/Frameworks/ApplicationServices.framework/Versions/A/Frameworks/ATS.framework/Versions/A/Resources/libFontParser.dylib
0x0000000001832000 	/System/Library/Frameworks/ApplicationServices.framework/Versions/A/Frameworks/ATS.framework/Versions/A/Resources/libFontRegistry.dylib
0x0000000001832000 	/System/Library/PrivateFrameworks/AppleVPA.framework/Versions/A/AppleVPA
0x0000000001832000 	/System/Library/PrivateFrameworks/AppleJPEG.framework/Versions/A/AppleJPEG
0x0000000001832000 	/System/Library/Frameworks/ImageIO.framework/Versions/A/Resources/libJPEG.dylib
0x0000000001832000 	/System/Library/Frameworks/ImageIO.framework/Versions/A/Resources/libTIFF.dylib
0x0000000001832000 	/System/Library/Frameworks/ImageIO.framework/Versions/A/Resources/libPng.dylib
0x0000000001832000 	/System/Library/Frameworks/ImageIO.framework/Versions/A/Resources/libGIF.dylib
0x0000000001832000 	/System/Library/Frameworks/ImageIO.framework/Versions/A/Resources/libJP2.dylib
0x0000000001832000 	/System/Library/Frameworks/ImageIO.framework/Versions/A/Resources/libRadiance.dylib
0x0000000001832000 	/System/Library/Frameworks/CoreVideo.framework/Versions/A/CoreVideo
0x0000000001832000 	/System/Library/Frameworks/OpenGL.framework/Versions/A/Libraries/libGLU.dylib
0x0000000001832000 	/System/Library/Frameworks/OpenGL.framework/Versions/A/Libraries/libGFXShared.dylib
0x0000000001832000 	/System/Library/Frameworks/OpenGL.framework/Versions/A/Libraries/libGL.dylib
0x0000000001832000 	/System/Library/Frameworks/OpenGL.framework/Versions/A/Libraries/libGLImage.dylib
0x0000000001832000 	/System/Library/Frameworks/OpenGL.framework/Versions/A/Libraries/libCVMSPluginSupport.dylib
0x0000000001832000 	/System/Library/Frameworks/OpenGL.framework/Versions/A/Libraries/libCoreVMClient.dylib
0x0000000001832000 	/usr/lib/libcups.2.dylib
0x0000000001832000 	/System/Library/Frameworks/Kerberos.framework/Versions/A/Kerberos
0x0000000001832000 	/System/Library/Frameworks/GSS.framework/Versions/A/GSS
0x0000000001832000 	/usr/lib/libresolv.9.dylib
0x0000000001832000 	/usr/lib/libiconv.2.dylib
0x0000000001832000 	/System/Library/PrivateFrameworks/Heimdal.framework/Versions/A/Heimdal
0x0000000001832000 	/usr/lib/libheimdal-asn1.dylib
0x0000000001832000 	/System/Library/Frameworks/OpenDirectory.framework/Versions/A/OpenDirectory
0x0000000001832000 	/System/Library/PrivateFrameworks/CommonAuth.framework/Versions/A/CommonAuth
0x0000000001832000 	/System/Library/Frameworks/OpenDirectory.framework/Versions/A/Frameworks/CFOpenDirectory.framework/Versions/A/CFOpenDirectory
0x0000000001832000 	/System/Library/Frameworks/SecurityFoundation.framework/Versions/A/SecurityFoundation
0x0000000001832000 	/System/Library/PrivateFrameworks/LanguageModeling.framework/Versions/A/LanguageModeling
0x0000000001832000 	/usr/lib/libmarisa.dylib
0x0000000001832000 	/usr/lib/libChineseTokenizer.dylib
0x0000000001832000 	/usr/lib/libcmph.dylib
0x0000000001832000 	/usr/lib/libcompression.dylib
0x0000000001832000 	/System/Library/Frameworks/ServiceManagement.framework/Versions/A/ServiceManagement
0x0000000001832000 	/usr/lib/libxslt.1.dylib
0x0000000001832000 	/System/Library/Frameworks/Carbon.framework/Versions/A/Frameworks/Ink.framework/Versions/A/Ink
0x0000000001832000 	/usr/lib/libFosl_dynamic.dylib
0x0000000001832000 	/System/Library/PrivateFrameworks/FaceCore.framework/Versions/A/FaceCore
0x0000000001832000 	/System/Library/Frameworks/OpenCL.framework/Versions/A/OpenCL
0x0000000001832000 	/System/Library/PrivateFrameworks/CrashReporterSupport.framework/Versions/A/CrashReporterSupport
0x0000000001832000 	/System/Library/PrivateFrameworks/IconServices.framework/Versions/A/IconServices
0x0000000001832000 	/System/Library/PrivateFrameworks/Apple80211.framework/Versions/A/Apple80211
0x0000000001832000 	/System/Library/Frameworks/CoreWLAN.framework/Versions/A/CoreWLAN
0x0000000001832000 	/System/Library/Frameworks/IOBluetooth.framework/Versions/A/IOBluetooth
0x0000000001832000 	/System/Library/PrivateFrameworks/CoreWiFi.framework/Versions/A/CoreWiFi
0x0000000001832000 	/System/Library/Frameworks/CoreBluetooth.framework/Versions/A/CoreBluetooth
0x0000000001832000 	/System/Library/PrivateFrameworks/ChunkingLibrary.framework/Versions/A/ChunkingLibrary
0x0000000001832000 	/System/Library/PrivateFrameworks/DebugSymbols.framework/Versions/A/DebugSymbols
0x0000000001832000 	/System/Library/PrivateFrameworks/CoreSymbolication.framework/Versions/A/CoreSymbolication
0x0000000001832000 	/System/Library/PrivateFrameworks/Symbolication.framework/Versions/A/Symbolication
0x0000000001832000 	/System/Library/PrivateFrameworks/SpeechRecognitionCore.framework/Versions/A/SpeechRecognitionCore
0x000000010b600000 	/Library/Java/JavaVirtualMachines/jdk1.8.0_66.jdk/Contents/Home/jre/lib/server/libjvm.dylib
0x0000000001832000 	/usr/lib/libstdc++.6.dylib
0x000000010a46f000 	/Library/Java/JavaVirtualMachines/jdk1.8.0_66.jdk/Contents/Home/jre/lib/libverify.dylib
0x000000010a47d000 	/Library/Java/JavaVirtualMachines/jdk1.8.0_66.jdk/Contents/Home/jre/lib/libjava.dylib
0x000000010a4bc000 	/Library/Java/JavaVirtualMachines/jdk1.8.0_66.jdk/Contents/Home/jre/lib/libzip.dylib
0x00000001204d2000 	/System/Library/Frameworks/JavaVM.framework/Frameworks/JavaRuntimeSupport.framework/JavaRuntimeSupport
0x00000001204ed000 	/System/Library/Frameworks/JavaVM.framework/Versions/A/Frameworks/JavaNativeFoundation.framework/Versions/A/JavaNativeFoundation
0x000000010a5f3000 	/System/Library/Frameworks/JavaVM.framework/Versions/A/JavaVM
0x0000000001832000 	/System/Library/Frameworks/Carbon.framework/Versions/A/Carbon
0x0000000120502000 	/System/Library/PrivateFrameworks/JavaLaunching.framework/Versions/A/JavaLaunching
0x0000000001832000 	/System/Library/Frameworks/Carbon.framework/Versions/A/Frameworks/CommonPanels.framework/Versions/A/CommonPanels
0x0000000001832000 	/System/Library/Frameworks/Carbon.framework/Versions/A/Frameworks/Help.framework/Versions/A/Help
0x0000000001832000 	/System/Library/Frameworks/Carbon.framework/Versions/A/Frameworks/ImageCapture.framework/Versions/A/ImageCapture
0x0000000001832000 	/System/Library/Frameworks/Carbon.framework/Versions/A/Frameworks/OpenScripting.framework/Versions/A/OpenScripting
0x0000000001832000 	/System/Library/Frameworks/Carbon.framework/Versions/A/Frameworks/Print.framework/Versions/A/Print
0x0000000001832000 	/System/Library/Frameworks/Carbon.framework/Versions/A/Frameworks/SecurityHI.framework/Versions/A/SecurityHI
0x0000000121e81000 	/Library/Java/JavaVirtualMachines/jdk1.8.0_66.jdk/Contents/Home/jre/lib/libawt.dylib
0x0000000121f29000 	/Library/Java/JavaVirtualMachines/jdk1.8.0_66.jdk/Contents/Home/jre/lib/./libmlib_image.dylib
0x0000000121ff5000 	/Library/Java/JavaVirtualMachines/jdk1.8.0_66.jdk/Contents/Home/jre/lib/libawt_lwawt.dylib
0x00000001220aa000 	/Library/Java/JavaVirtualMachines/jdk1.8.0_66.jdk/Contents/Home/jre/lib/./libosxapp.dylib
0x0000000001832000 	/System/Library/Frameworks/ExceptionHandling.framework/Versions/A/ExceptionHandling
0x0000000001832000 	/System/Library/PrivateFrameworks/CoreServicesInternal.framework/Versions/A/CoreServicesInternal
0x0000000001832000 	/System/Library/Frameworks/CoreGraphics.framework/Versions/A/Resources/libRIP.A.dylib
0x0000000001832000 	/System/Library/Frameworks/Accelerate.framework/Versions/A/Frameworks/vImage.framework/Versions/A/Libraries/libCGInterfaces.dylib
0x0000000001832000 	/System/Library/Frameworks/CoreGraphics.framework/Versions/A/Resources/libCGXType.A.dylib
0x0000000001832000 	/System/Library/Frameworks/OpenCL.framework/Versions/A/Libraries/libcldcpuengine.dylib
0x0000000001832000 	/System/Library/PrivateFrameworks/DiskImages.framework/Versions/A/DiskImages
0x0000000001832000 	/System/Library/Frameworks/DiscRecording.framework/Versions/A/DiscRecording
0x0000000001832000 	/usr/lib/libcsfde.dylib
0x0000000001832000 	/usr/lib/libcurl.4.dylib
0x0000000001832000 	/System/Library/PrivateFrameworks/MediaKit.framework/Versions/A/MediaKit
0x0000000001832000 	/System/Library/PrivateFrameworks/ProtectedCloudStorage.framework/Versions/A/ProtectedCloudStorage
0x0000000001832000 	/usr/lib/libCoreStorage.dylib
0x0000000001832000 	/System/Library/PrivateFrameworks/EFILogin.framework/Versions/A/EFILogin
0x0000000001832000 	/usr/lib/libutil.dylib
0x0000000001832000 	/System/Library/PrivateFrameworks/FindMyDevice.framework/Versions/A/FindMyDevice
0x0000000001832000 	/System/Library/Frameworks/LDAP.framework/Versions/A/LDAP
0x0000000001832000 	/usr/lib/libsasl2.2.dylib
0x0000000001832000 	/System/Library/PrivateFrameworks/CoreDaemon.framework/Versions/B/CoreDaemon
0x0000000001832000 	/usr/lib/libcrypto.0.9.8.dylib
0x0000000001832000 	/System/Library/PrivateFrameworks/AppleSRP.framework/Versions/A/AppleSRP
0x0000000001832000 	/System/Library/PrivateFrameworks/TrustEvaluationAgent.framework/Versions/A/TrustEvaluationAgent
0x0000000123d99000 	cl_kernels
0x0000000001832000 	/System/Library/Frameworks/OpenCL.framework/Versions/A/Libraries/ImageFormats/unorm8_bgra.dylib
0x0000000001832000 	/System/Library/Frameworks/OpenCL.framework/Versions/A/Libraries/ImageFormats/unorm8_rgba.dylib
0x0000000001832000 	/System/Library/PrivateFrameworks/FamilyControls.framework/Versions/A/FamilyControls
0x0000000001832000 	/System/Library/PrivateFrameworks/CommerceKit.framework/Versions/A/Frameworks/CommerceCore.framework/Versions/A/CommerceCore
0x0000000001832000 	/System/Library/PrivateFrameworks/SystemAdministration.framework/Versions/A/SystemAdministration
0x0000000001832000 	/System/Library/PrivateFrameworks/AppContainer.framework/Versions/A/AppContainer
0x0000000001832000 	/System/Library/PrivateFrameworks/SecCodeWrapper.framework/Versions/A/SecCodeWrapper
0x0000000001832000 	/System/Library/Frameworks/DirectoryService.framework/Versions/A/DirectoryService
0x0000000001832000 	/System/Library/PrivateFrameworks/LoginUIKit.framework/Versions/A/Frameworks/LoginUICore.framework/Versions/A/LoginUICore
0x0000000001832000 	/usr/lib/libodfde.dylib
0x0000000124eb9000 	/Library/Java/JavaVirtualMachines/jdk1.8.0_66.jdk/Contents/Home/jre/lib/libfontmanager.dylib
0x0000000124f20000 	/Users/janabelmann/NetBeans/Libs/slick/liblwjgl.dylib
0x000000012317a000 	/Library/Java/JavaVirtualMachines/jdk1.8.0_66.jdk/Contents/Home/jre/lib/libjawt.dylib
0x0000000001832000 	/System/Library/Frameworks/OpenGL.framework/Versions/A/Resources/GLEngine.bundle/GLEngine
0x0000000001832000 	/System/Library/Frameworks/OpenGL.framework/Versions/A/Libraries/libGLProgrammability.dylib
0x0000000124fa2000 	/System/Library/Extensions/AppleIntelHD4000GraphicsGLDriver.bundle/Contents/MacOS/AppleIntelHD4000GraphicsGLDriver
0x0000000001832000 	/System/Library/PrivateFrameworks/GPUSupport.framework/Versions/A/Libraries/libGPUSupportMercury.dylib
0x0000000001832000 	/System/Library/Extensions/GeForceGLDriver.bundle/Contents/MacOS/GeForceGLDriver
0x0000000001832000 	/System/Library/Extensions/GeForceGLDriver.bundle/Contents/MacOS/libclh.dylib
0x0000000001832000 	/System/Library/Frameworks/OpenGL.framework/Versions/A/Resources/GLRendererFloat.bundle/GLRendererFloat
0x0000000127edb000 	/Users/janabelmann/NetBeans/Libs/slick/libjinput-osx.dylib
0x0000000127ee0000 	/System/Library/Extensions/IOHIDFamily.kext/Contents/PlugIns/IOHIDLib.plugin/Contents/MacOS/IOHIDLib
0x000000012c20f000 	/Library/Java/JavaVirtualMachines/jdk1.8.0_66.jdk/Contents/Home/jre/lib/libnio.dylib
0x000000012c21f000 	/Library/Java/JavaVirtualMachines/jdk1.8.0_66.jdk/Contents/Home/jre/lib/./libnet.dylib
0x000000012c23b000 	/Library/Java/JavaVirtualMachines/jdk1.8.0_66.jdk/Contents/Home/jre/lib/libjpeg.dylib

VM Arguments:
jvm_args: -Dfile.encoding=UTF-8 -Djava.library.path=/Users/janabelmann/NetBeans/Libs/slick -Xms1024m -Xmx1024m 
java_command: main.Main
java_class_path (initial): /Users/janabelmann/NetBeans/Libs/slick/lib/jinput.jar:/Users/janabelmann/NetBeans/Libs/slick/lib/lwjgl.jar:/Users/janabelmann/NetBeans/Libs/slick/lib/lwjgl_util.jar:/Users/janabelmann/NetBeans/Libs/slick/lib/slick.jar:/Users/janabelmann/NetBeans/Game/build/classes
Launcher Type: SUN_STANDARD

Environment Variables:
PATH=/usr/bin:/bin:/usr/sbin:/sbin
LD_LIBRARY_PATH=/Library/Java/JavaVirtualMachines/jdk1.8.0_66.jdk/Contents/Home/jre/lib/amd64:/Library/Java/JavaVirtualMachines/jdk1.8.0_66.jdk/Contents/Home/jre/lib/i386:
SHELL=/bin/bash

Signal Handlers:
SIGSEGV: [libjvm.dylib+0x5a65d5], sa_mask[0]=11111111011111110111111111111111, sa_flags=SA_ONSTACK|SA_RESTART|SA_SIGINFO
SIGBUS: [libjvm.dylib+0x5a65d5], sa_mask[0]=11111111011111110111111111111111, sa_flags=SA_RESTART|SA_SIGINFO
SIGFPE: [libjvm.dylib+0x4802e8], sa_mask[0]=11111111011111110111111111111111, sa_flags=SA_RESTART|SA_SIGINFO
SIGPIPE: [libjvm.dylib+0x4802e8], sa_mask[0]=11111111011111110111111111111111, sa_flags=SA_RESTART|SA_SIGINFO
SIGXFSZ: [libjvm.dylib+0x4802e8], sa_mask[0]=11111111011111110111111111111111, sa_flags=SA_RESTART|SA_SIGINFO
SIGILL: [libjvm.dylib+0x4802e8], sa_mask[0]=11111111011111110111111111111111, sa_flags=SA_RESTART|SA_SIGINFO
SIGUSR1: SIG_DFL, sa_mask[0]=00000000000000000000000000000000, sa_flags=none
SIGUSR2: [libjvm.dylib+0x47fe06], sa_mask[0]=00100000000000000000000000000000, sa_flags=SA_RESTART|SA_SIGINFO
SIGHUP: [libjvm.dylib+0x47e3dd], sa_mask[0]=11111111011111110111111111111111, sa_flags=SA_RESTART|SA_SIGINFO
SIGINT: SIG_IGN, sa_mask[0]=00000000000000000000000000000000, sa_flags=none
SIGTERM: [libjvm.dylib+0x47e3dd], sa_mask[0]=11111111011111110111111111111111, sa_flags=SA_RESTART|SA_SIGINFO
SIGQUIT: [libjvm.dylib+0x47e3dd], sa_mask[0]=11111111011111110111111111111111, sa_flags=SA_RESTART|SA_SIGINFO


---------------  S Y S T E M  ---------------

OS:Bsduname:Darwin 15.0.0 Darwin Kernel Version 15.0.0: Sat Sep 19 15:53:46 PDT 2015; root:xnu-3247.10.11~1/RELEASE_X86_64 x86_64
rlimit: STACK 8192k, CORE 0k, NPROC 709, NOFILE 10240, AS infinity
load average:1.27 1.30 1.30

CPU:total 8 (4 cores per cpu, 2 threads per core) family 6 model 58 stepping 9, cmov, cx8, fxsr, mmx, sse, sse2, sse3, ssse3, sse4.1, sse4.2, popcnt, avx, aes, clmul, erms, ht, tsc, tscinvbit, tscinv

Memory: 4k page, physical 16777216k(1485888k free)

/proc/meminfo:


vm_info: Java HotSpot(TM) 64-Bit Server VM (25.66-b17) for bsd-amd64 JRE (1.8.0_66-b17), built on Oct  6 2015 16:09:13 by "java_re" with gcc 4.2.1 (Based on Apple Inc. build 5658) (LLVM build 2336.11.00)

time: Fri Feb 19 18:48:36 2016
elapsed time: 7 seconds (0d 0h 0m 7s)

