#
# A fatal error has been detected by the Java Runtime Environment:
#
#  SIGSEGV (0xb) at pc=0x00007fff933670e9, pid=5301, tid=1811
#
# JRE version: Java(TM) SE Runtime Environment (8.0_66-b17) (build 1.8.0_66-b17)
# Java VM: Java HotSpot(TM) 64-Bit Server VM (25.66-b17 mixed mode bsd-amd64 compressed oops)
# Problematic frame:
# C  [libobjc.A.dylib+0x10e9]  objc_msgSend+0x29
#
# Failed to write core dump. Core dumps have been disabled. To enable core dumping, try "ulimit -c unlimited" before starting Java again
#
# If you would like to submit a bug report, please visit:
#   http://bugreport.java.com/bugreport/crash.jsp
# The crash happened outside the Java Virtual Machine in native code.
# See problematic frame for where to report the bug.
#

---------------  T H R E A D  ---------------

Current thread (0x00007fc4488b7800):  JavaThread "AppKit Thread" daemon [_thread_in_native, id=1811, stack(0x00007fff53962000,0x00007fff54162000)]

siginfo: si_signo: 11 (SIGSEGV), si_code: 1 (SEGV_MAPERR), si_addr: 0x0000000000000000

Registers:
RAX=0x0000000000000000, RBX=0x00007fc44856f410, RCX=0x0000000000000000, RDX=0x00007fc44856f410
RSP=0x00007fff5415bc68, RBP=0x00007fff5415bc90, RSI=0x00007fff9548937c, RDI=0x00007fc44876c060
R8 =0x0000000000000001, R9 =0x0000000000000001, R10=0x0000000000000000, R11=0x00007fc449802800
R12=0x0000000000000094, R13=0x00007fc44855dc40, R14=0x00007fc44876c060, R15=0x00007fff5415c180
RIP=0x00007fff933670e9, EFLAGS=0x0000000000010246, ERR=0x0000000000000004
  TRAPNO=0x000000000000000e

Top of Stack: (sp=0x00007fff5415bc68)
0x00007fff5415bc68:   000000012939d598 00007fc44856f410
0x00007fff5415bc78:   00000001293d1c60 00007fc44855dc40
0x00007fff5415bc88:   00007fc44856f410 00007fff5415c170
0x00007fff5415bc98:   00007fff94b69f45 0000000000000000
0x00007fff5415bca8:   0000000000000000 4094000000000000
0x00007fff5415bcb8:   4086800000000000 0000000000000000
0x00007fff5415bcc8:   0000000000000000 4094000000000000
0x00007fff5415bcd8:   4086800000000000 4094000000000000
0x00007fff5415bce8:   4087300000000000 401c000000000000
0x00007fff5415bcf8:   4086980000000000 402c000000000000
0x00007fff5415bd08:   4030000000000000 401c000000000000
0x00007fff5415bd18:   0000000000000000 0000000000000000
0x00007fff5415bd28:   4030000000000000 00007fff9544c129
0x00007fff5415bd38:   4018000000000000 00007fc44a84fe50
0x00007fff5415bd48:   0000000100000000 0000000000000000
0x00007fff5415bd58:   00007fc448444a10 00007fff5415beb0
0x00007fff5415bd68:   00007fff94b6eb36 00007fff5415beb0
0x00007fff5415bd78:   00007fff94b70e82 402c000000000000
0x00007fff5415bd88:   4030000000000000 401c000000000000
0x00007fff5415bd98:   4086980000000000 402c000000000000
0x00007fff5415bda8:   4030000000000000 0000000000000000
0x00007fff5415bdb8:   0000000000000000 4094000000000000
0x00007fff5415bdc8:   4087300000000000 401c000000000000
0x00007fff5415bdd8:   4086980000000000 402c000000000000
0x00007fff5415bde8:   4030000000000000 0000000000000000
0x00007fff5415bdf8:   0000000000000000 000000010babca00
0x00007fff5415be08:   000000010bab9000 00007fff5415beb0
0x00007fff5415be18:   00007fff965cee7f 00000000000005da
0x00007fff5415be28:   000000010bab9000 00007fff5415bed0
0x00007fff5415be38:   00007fff965cee7f 00007fff5415bf3f
0x00007fff5415be48:   0000000000000000 00007fc44a8fc080
0x00007fff5415be58:   00007fc44a8c88d0 000000000000000b 

Instructions: (pc=0x00007fff933670e9)
0x00007fff933670c9:   01 2e 75 7e 49 bb f8 ff ff ff ff 7f 00 00 4c 23
0x00007fff933670d9:   1f 49 89 f2 45 23 53 18 49 c1 e2 04 4d 03 53 10
0x00007fff933670e9:   49 3b 32 75 04 41 ff 62 08 49 83 3a 00 74 6a 4d
0x00007fff933670f9:   3b 53 10 74 0d 49 83 ea 10 49 3b 32 75 eb 41 ff 

Register to memory mapping:

RAX=0x0000000000000000 is an unknown value
RBX=0x00007fc44856f410 is an unknown value
RCX=0x0000000000000000 is an unknown value
RDX=0x00007fc44856f410 is an unknown value
RSP=0x00007fff5415bc68 is pointing into the stack for thread: 0x00007fc4488b7800
RBP=0x00007fff5415bc90 is pointing into the stack for thread: 0x00007fc4488b7800
RSI=0x00007fff9548937c: -[NSTitlebarContainerView transparent]+0x5e270 in /System/Library/Frameworks/AppKit.framework/Versions/C/AppKit at 0x00007fff94a88000
RDI=0x00007fc44876c060 is an unknown value
R8 =0x0000000000000001 is an unknown value
R9 =0x0000000000000001 is an unknown value
R10=0x0000000000000000 is an unknown value
R11=0x00007fc449802800 is a thread
R12=0x0000000000000094 is an unknown value
R13=0x00007fc44855dc40 is an unknown value
R14=0x00007fc44876c060 is an unknown value
R15=0x00007fff5415c180 is pointing into the stack for thread: 0x00007fc4488b7800


Stack: [0x00007fff53962000,0x00007fff54162000],  sp=0x00007fff5415bc68,  free space=8167k
Native frames: (J=compiled Java code, j=interpreted, Vv=VM code, C=native code)
C  [libobjc.A.dylib+0x10e9]  objc_msgSend+0x29
C  [AppKit+0xe1f45]  -[NSView _recursiveDisplayRectIfNeededIgnoringOpacity:isVisibleRect:rectIsVisibleRectForView:topView:]+0x740
C  [AppKit+0xe2fa0]  -[NSView _recursiveDisplayRectIfNeededIgnoringOpacity:isVisibleRect:rectIsVisibleRectForView:topView:]+0x179b
C  [AppKit+0xe12f3]  -[NSThemeFrame _recursiveDisplayRectIfNeededIgnoringOpacity:isVisibleRect:rectIsVisibleRectForView:topView:]+0x14d
C  [AppKit+0xdd68b]  -[NSView _displayRectIgnoringOpacity:isVisibleRect:rectIsVisibleRectForView:]+0xac9
C  [AppKit+0x951ae]  -[NSView displayIfNeeded]+0x754
C  [AppKit+0x94a09]  -[NSWindow displayIfNeeded]+0xec
C  [AppKit+0x94672]  _handleWindowNeedsDisplayOrLayoutOrUpdateConstraints+0x3a8
C  [Foundation+0x4ba23]  __NSFireTimer+0x5f
C  [CoreFoundation+0xb72e4]  __CFRUNLOOP_IS_CALLING_OUT_TO_A_TIMER_CALLBACK_FUNCTION__+0x14
C  [CoreFoundation+0xb6f73]  __CFRunLoopDoTimer+0x423
C  [CoreFoundation+0x12a53d]  __CFRunLoopDoTimers+0x12d
C  [CoreFoundation+0x72608]  __CFRunLoopRun+0x7e8
C  [CoreFoundation+0x71bd8]  CFRunLoopRunSpecific+0x128
C  [HIToolbox+0x3256f]  RunCurrentEventLoopInMode+0xeb
C  [HIToolbox+0x322ea]  ReceiveNextEventCommon+0x1af
C  [HIToolbox+0x3212b]  _BlockUntilNextEventMatchingListInModeWithFilter+0x47
C  [AppKit+0x918ab]  _DPSNextEvent+0x3d2
C  [AppKit+0x90e58]  -[NSApplication nextEventMatchingMask:untilDate:inMode:dequeue:]+0x15a
C  [libosxapp.dylib+0x23aa]  -[NSApplicationAWT nextEventMatchingMask:untilDate:inMode:dequeue:]+0x7c
C  [AppKit+0x86af3]  -[NSApplication run]+0x252
C  [libosxapp.dylib+0x214d]  +[NSApplicationAWT runAWTLoopWithApp:]+0x9c
C  [libawt_lwawt.dylib+0x4455b]  -[AWTStarter starter:]+0x389
C  [Foundation+0x92dd0]  __NSThreadPerformPerform+0x125
C  [CoreFoundation+0x80a01]  __CFRUNLOOP_IS_CALLING_OUT_TO_A_SOURCE0_PERFORM_FUNCTION__+0x11
C  [CoreFoundation+0x72b8d]  __CFRunLoopDoSources0+0x10d
C  [CoreFoundation+0x721bf]  __CFRunLoopRun+0x39f
C  [CoreFoundation+0x71bd8]  CFRunLoopRunSpecific+0x128
C  [java+0x6463]  CreateExecutionEnvironment+0x367
C  [java+0x21ac]  JLI_Launch+0x7a0
C  [java+0x84c0]  main+0x65
C  [java+0x1a04]  start+0x34
C  0x0000000000000008


---------------  P R O C E S S  ---------------

Java Threads: ( => current thread )
  0x00007fc44b04d000 JavaThread "AWT-Shutdown" [_thread_blocked, id=26955, stack(0x0000000124bfe000,0x0000000124cfe000)]
=>0x00007fc4488b7800 JavaThread "AppKit Thread" daemon [_thread_in_native, id=1811, stack(0x00007fff53962000,0x00007fff54162000)]
  0x00007fc449049800 JavaThread "Service Thread" daemon [_thread_blocked, id=20739, stack(0x000000012466c000,0x000000012476c000)]
  0x00007fc44881b000 JavaThread "C1 CompilerThread3" daemon [_thread_blocked, id=20227, stack(0x0000000124569000,0x0000000124669000)]
  0x00007fc448820800 JavaThread "C2 CompilerThread2" daemon [_thread_blocked, id=19715, stack(0x0000000124466000,0x0000000124566000)]
  0x00007fc44903c800 JavaThread "C2 CompilerThread1" daemon [_thread_blocked, id=19203, stack(0x0000000124363000,0x0000000124463000)]
  0x00007fc44903b000 JavaThread "C2 CompilerThread0" daemon [_thread_blocked, id=18691, stack(0x0000000124260000,0x0000000124360000)]
  0x00007fc449049000 JavaThread "Signal Dispatcher" daemon [_thread_blocked, id=15627, stack(0x000000012415d000,0x000000012425d000)]
  0x00007fc449023800 JavaThread "Finalizer" daemon [_thread_blocked, id=13571, stack(0x0000000122732000,0x0000000122832000)]
  0x00007fc449023000 JavaThread "Reference Handler" daemon [_thread_blocked, id=13059, stack(0x000000012262f000,0x000000012272f000)]
  0x00007fc449802800 JavaThread "main" [_thread_in_native, id=4867, stack(0x000000010db87000,0x000000010dc87000)]

Other Threads:
  0x00007fc449020800 VMThread [stack: 0x000000012252c000,0x000000012262c000] [id=12547]
  0x00007fc449054800 WatcherThread [stack: 0x000000012476f000,0x000000012486f000] [id=21251]

VM state:not at safepoint (normal execution)

VM Mutex/Monitor currently owned by a thread: None

Heap:
 PSYoungGen      total 305664K, used 57673K [0x00000007aab00000, 0x00000007c0000000, 0x00000007c0000000)
  eden space 262144K, 22% used [0x00000007aab00000,0x00000007ae352438,0x00000007bab00000)
  from space 43520K, 0% used [0x00000007bd580000,0x00000007bd580000,0x00000007c0000000)
  to   space 43520K, 0% used [0x00000007bab00000,0x00000007bab00000,0x00000007bd580000)
 ParOldGen       total 699392K, used 0K [0x0000000780000000, 0x00000007aab00000, 0x00000007aab00000)
  object space 699392K, 0% used [0x0000000780000000,0x0000000780000000,0x00000007aab00000)
 Metaspace       used 8473K, capacity 8623K, committed 8960K, reserved 1056768K
  class space    used 869K, capacity 922K, committed 1024K, reserved 1048576K

Card table byte_map: [0x000000011d05a000,0x000000011d25b000] byte_map_base: 0x000000011945a000

Marking Bits: (ParMarkBitMap*) 0x000000010d4dde20
 Begin Bits: [0x000000011dbc9000, 0x000000011ebc9000)
 End Bits:   [0x000000011ebc9000, 0x000000011fbc9000)

Polling page: 0x000000010bbf7000

CodeCache: size=245760Kb used=3145Kb max_used=3149Kb free=242614Kb
 bounds [0x000000010dc9a000, 0x000000010dfba000, 0x000000011cc9a000]
 total_blobs=1210 nmethods=806 adapters=318
 compilation: enabled

Compilation events (10 events):
Event: 21.471 Thread 0x00007fc44903c800 nmethod 801 0x000000010df8a410 code [0x000000010df8a560, 0x000000010df8a5f8]
Event: 21.637 Thread 0x00007fc44903b000  802       4       java.nio.DirectIntBufferU::get (16 bytes)
Event: 21.638 Thread 0x00007fc44903b000 nmethod 802 0x000000010dfad190 code [0x000000010dfad2e0, 0x000000010dfad398]
Event: 22.281 Thread 0x00007fc44881b000  803       1       java.nio.HeapByteBuffer::_put (8 bytes)
Event: 22.281 Thread 0x00007fc44881b000 nmethod 803 0x000000010dface50 code [0x000000010dfacfa0, 0x000000010dfad0d0]
Event: 22.411 Thread 0x00007fc44881b000  804       3       java.nio.Buffer::nextPutIndex (38 bytes)
Event: 22.411 Thread 0x00007fc44881b000 nmethod 804 0x000000010dfac9d0 code [0x000000010dfacb40, 0x000000010dfacd68]
Event: 22.421 Thread 0x00007fc44881b000  805       1       java.nio.HeapByteBuffer::_get (7 bytes)
Event: 22.421 Thread 0x00007fc44881b000 nmethod 805 0x000000010dfac690 code [0x000000010dfac7e0, 0x000000010dfac910]
Event: 22.916 Thread 0x00007fc44881b000  806       3       java.util.jar.JarFile::maybeInstantiateVerifier (96 bytes)

GC Heap History (0 events):
No events

Deoptimization events (0 events):
No events

Internal exceptions (10 events):
Event: 0.076 Thread 0x00007fc449802800 Exception <a 'java/security/PrivilegedActionException'> (0x00000007aabb80a0) thrown at [/HUDSON3/workspace/8-2-build-macosx-x86_64/jdk8u66/4988/hotspot/src/share/vm/prims/jvm.cpp, line 1386]
Event: 0.076 Thread 0x00007fc449802800 Exception <a 'java/security/PrivilegedActionException'> (0x00000007aabb82b0) thrown at [/HUDSON3/workspace/8-2-build-macosx-x86_64/jdk8u66/4988/hotspot/src/share/vm/prims/jvm.cpp, line 1386]
Event: 0.106 Thread 0x00007fc449802800 Exception <a 'java/security/PrivilegedActionException'> (0x00000007aaca7d78) thrown at [/HUDSON3/workspace/8-2-build-macosx-x86_64/jdk8u66/4988/hotspot/src/share/vm/prims/jvm.cpp, line 1386]
Event: 0.106 Thread 0x00007fc449802800 Exception <a 'java/security/PrivilegedActionException'> (0x00000007aaca7f88) thrown at [/HUDSON3/workspace/8-2-build-macosx-x86_64/jdk8u66/4988/hotspot/src/share/vm/prims/jvm.cpp, line 1386]
Event: 0.107 Thread 0x00007fc449802800 Exception <a 'java/security/PrivilegedActionException'> (0x00000007aacab410) thrown at [/HUDSON3/workspace/8-2-build-macosx-x86_64/jdk8u66/4988/hotspot/src/share/vm/prims/jvm.cpp, line 1386]
Event: 0.107 Thread 0x00007fc449802800 Exception <a 'java/security/PrivilegedActionException'> (0x00000007aacab620) thrown at [/HUDSON3/workspace/8-2-build-macosx-x86_64/jdk8u66/4988/hotspot/src/share/vm/prims/jvm.cpp, line 1386]
Event: 0.139 Thread 0x00007fc449802800 Exception <a 'java/lang/NoSuchFieldError': method resolution failed> (0x00000007aad7a808) thrown at [/HUDSON3/workspace/8-2-build-macosx-x86_64/jdk8u66/4988/hotspot/src/share/vm/prims/methodHandles.cpp, line 1146]
Event: 0.140 Thread 0x00007fc449802800 Exception <a 'java/lang/NoSuchFieldError': method resolution failed> (0x00000007aad87f58) thrown at [/HUDSON3/workspace/8-2-build-macosx-x86_64/jdk8u66/4988/hotspot/src/share/vm/prims/methodHandles.cpp, line 1146]
Event: 0.316 Thread 0x00007fc449802800 Exception <a 'java/io/FileNotFoundException'> (0x00000007aae036c0) thrown at [/HUDSON3/workspace/8-2-build-macosx-x86_64/jdk8u66/4988/hotspot/src/share/vm/prims/jni.cpp, line 709]
Event: 0.316 Thread 0x00007fc449802800 Exception <a 'java/io/FileNotFoundException'> (0x00000007aae04210) thrown at [/HUDSON3/workspace/8-2-build-macosx-x86_64/jdk8u66/4988/hotspot/src/share/vm/prims/jni.cpp, line 709]

Events (10 events):
Event: 19.019 Executing VM operation: RevokeBias
Event: 19.019 Executing VM operation: RevokeBias done
Event: 19.019 Thread 0x00007fc4492df800 Thread exited: 0x00007fc4492df800
Event: 19.209 Thread 0x00007fc44b04d000 Thread added: 0x00007fc44b04d000
Event: 20.367 Executing VM operation: RevokeBias
Event: 20.367 Executing VM operation: RevokeBias done
Event: 20.367 Thread 0x00007fc44b04d000 Thread exited: 0x00007fc44b04d000
Event: 20.411 Thread 0x00007fc44b04d000 Thread added: 0x00007fc44b04d000
Event: 22.916 loading class org/lwjgl/opengl/CallbackUtil
Event: 22.916 loading class org/lwjgl/opengl/CallbackUtil done


Dynamic libraries:
0x000000000b472000 	/System/Library/Frameworks/Cocoa.framework/Versions/A/Cocoa
0x000000000b472000 	/System/Library/Frameworks/Security.framework/Versions/A/Security
0x000000000b472000 	/System/Library/Frameworks/ApplicationServices.framework/Versions/A/ApplicationServices
0x000000000b472000 	/usr/lib/libz.1.dylib
0x000000000b472000 	/usr/lib/libSystem.B.dylib
0x000000000b472000 	/usr/lib/libobjc.A.dylib
0x000000000b472000 	/System/Library/Frameworks/CoreFoundation.framework/Versions/A/CoreFoundation
0x000000000b472000 	/System/Library/Frameworks/Foundation.framework/Versions/C/Foundation
0x000000000b472000 	/System/Library/Frameworks/AppKit.framework/Versions/C/AppKit
0x000000000b472000 	/System/Library/Frameworks/CoreData.framework/Versions/A/CoreData
0x000000000b472000 	/System/Library/PrivateFrameworks/RemoteViewServices.framework/Versions/A/RemoteViewServices
0x000000000b472000 	/System/Library/PrivateFrameworks/UIFoundation.framework/Versions/A/UIFoundation
0x000000000b472000 	/System/Library/Frameworks/IOSurface.framework/Versions/A/IOSurface
0x000000000b472000 	/System/Library/Frameworks/AudioToolbox.framework/Versions/A/AudioToolbox
0x000000000b472000 	/System/Library/Frameworks/AudioUnit.framework/Versions/A/AudioUnit
0x000000000b472000 	/System/Library/PrivateFrameworks/DataDetectorsCore.framework/Versions/A/DataDetectorsCore
0x000000000b472000 	/System/Library/PrivateFrameworks/DesktopServicesPriv.framework/Versions/A/DesktopServicesPriv
0x000000000b472000 	/System/Library/Frameworks/Carbon.framework/Versions/A/Frameworks/HIToolbox.framework/Versions/A/HIToolbox
0x000000000b472000 	/System/Library/Frameworks/QuartzCore.framework/Versions/A/QuartzCore
0x000000000b472000 	/System/Library/Frameworks/Carbon.framework/Versions/A/Frameworks/SpeechRecognition.framework/Versions/A/SpeechRecognition
0x000000000b472000 	/usr/lib/libauto.dylib
0x000000000b472000 	/usr/lib/libicucore.A.dylib
0x000000000b472000 	/usr/lib/libxml2.2.dylib
0x000000000b472000 	/System/Library/PrivateFrameworks/CoreUI.framework/Versions/A/CoreUI
0x000000000b472000 	/System/Library/Frameworks/CoreAudio.framework/Versions/A/CoreAudio
0x000000000b472000 	/System/Library/Frameworks/DiskArbitration.framework/Versions/A/DiskArbitration
0x000000000b472000 	/usr/lib/liblangid.dylib
0x000000000b472000 	/System/Library/PrivateFrameworks/MultitouchSupport.framework/Versions/A/MultitouchSupport
0x000000000b472000 	/System/Library/Frameworks/IOKit.framework/Versions/A/IOKit
0x000000000b472000 	/usr/lib/libDiagnosticMessagesClient.dylib
0x000000000b472000 	/System/Library/Frameworks/CoreServices.framework/Versions/A/CoreServices
0x000000000b472000 	/System/Library/PrivateFrameworks/PerformanceAnalysis.framework/Versions/A/PerformanceAnalysis
0x000000000b472000 	/System/Library/PrivateFrameworks/GenerationalStorage.framework/Versions/A/GenerationalStorage
0x000000000b472000 	/System/Library/Frameworks/OpenGL.framework/Versions/A/OpenGL
0x000000000b472000 	/System/Library/PrivateFrameworks/Sharing.framework/Versions/A/Sharing
0x000000000b472000 	/System/Library/Frameworks/CoreGraphics.framework/Versions/A/CoreGraphics
0x000000000b472000 	/System/Library/Frameworks/CoreText.framework/Versions/A/CoreText
0x000000000b472000 	/System/Library/Frameworks/ImageIO.framework/Versions/A/ImageIO
0x000000000b472000 	/usr/lib/libextension.dylib
0x000000000b472000 	/System/Library/PrivateFrameworks/Backup.framework/Versions/A/Backup
0x000000000b472000 	/usr/lib/libarchive.2.dylib
0x000000000b472000 	/System/Library/Frameworks/CFNetwork.framework/Versions/A/CFNetwork
0x000000000b472000 	/System/Library/Frameworks/SystemConfiguration.framework/Versions/A/SystemConfiguration
0x000000000b472000 	/usr/lib/libCRFSuite.dylib
0x000000000b472000 	/usr/lib/libc++.1.dylib
0x000000000b472000 	/usr/lib/libc++abi.dylib
0x000000000b472000 	/usr/lib/system/libcache.dylib
0x000000000b472000 	/usr/lib/system/libcommonCrypto.dylib
0x000000000b472000 	/usr/lib/system/libcompiler_rt.dylib
0x000000000b472000 	/usr/lib/system/libcopyfile.dylib
0x000000000b472000 	/usr/lib/system/libcorecrypto.dylib
0x000000000b472000 	/usr/lib/system/libdispatch.dylib
0x000000000b472000 	/usr/lib/system/libdyld.dylib
0x000000000b472000 	/usr/lib/system/libkeymgr.dylib
0x000000000b472000 	/usr/lib/system/liblaunch.dylib
0x000000000b472000 	/usr/lib/system/libmacho.dylib
0x000000000b472000 	/usr/lib/system/libquarantine.dylib
0x000000000b472000 	/usr/lib/system/libremovefile.dylib
0x000000000b472000 	/usr/lib/system/libsystem_asl.dylib
0x000000000b472000 	/usr/lib/system/libsystem_blocks.dylib
0x000000000b472000 	/usr/lib/system/libsystem_c.dylib
0x000000000b472000 	/usr/lib/system/libsystem_configuration.dylib
0x000000000b472000 	/usr/lib/system/libsystem_coreservices.dylib
0x000000000b472000 	/usr/lib/system/libsystem_coretls.dylib
0x000000000b472000 	/usr/lib/system/libsystem_dnssd.dylib
0x000000000b472000 	/usr/lib/system/libsystem_info.dylib
0x000000000b472000 	/usr/lib/system/libsystem_kernel.dylib
0x000000000b472000 	/usr/lib/system/libsystem_m.dylib
0x000000000b472000 	/usr/lib/system/libsystem_malloc.dylib
0x000000000b472000 	/usr/lib/system/libsystem_network.dylib
0x000000000b472000 	/usr/lib/system/libsystem_networkextension.dylib
0x000000000b472000 	/usr/lib/system/libsystem_notify.dylib
0x000000000b472000 	/usr/lib/system/libsystem_platform.dylib
0x000000000b472000 	/usr/lib/system/libsystem_pthread.dylib
0x000000000b472000 	/usr/lib/system/libsystem_sandbox.dylib
0x000000000b472000 	/usr/lib/system/libsystem_secinit.dylib
0x000000000b472000 	/usr/lib/system/libsystem_stats.dylib
0x000000000b472000 	/usr/lib/system/libsystem_trace.dylib
0x000000000b472000 	/usr/lib/system/libunc.dylib
0x000000000b472000 	/usr/lib/system/libunwind.dylib
0x000000000b472000 	/usr/lib/system/libxpc.dylib
0x000000000b472000 	/usr/lib/libbz2.1.0.dylib
0x000000000b472000 	/usr/lib/liblzma.5.dylib
0x000000000b472000 	/usr/lib/libbsm.0.dylib
0x000000000b472000 	/usr/lib/libsqlite3.dylib
0x000000000b472000 	/usr/lib/system/libkxld.dylib
0x000000000b472000 	/usr/lib/libxar.1.dylib
0x000000000b472000 	/usr/lib/libpam.2.dylib
0x000000000b472000 	/usr/lib/libOpenScriptingUtil.dylib
0x000000000b472000 	/System/Library/Frameworks/CoreServices.framework/Versions/A/Frameworks/FSEvents.framework/Versions/A/FSEvents
0x000000000b472000 	/System/Library/Frameworks/CoreServices.framework/Versions/A/Frameworks/CarbonCore.framework/Versions/A/CarbonCore
0x000000000b472000 	/System/Library/Frameworks/CoreServices.framework/Versions/A/Frameworks/Metadata.framework/Versions/A/Metadata
0x000000000b472000 	/System/Library/Frameworks/CoreServices.framework/Versions/A/Frameworks/OSServices.framework/Versions/A/OSServices
0x000000000b472000 	/System/Library/Frameworks/CoreServices.framework/Versions/A/Frameworks/SearchKit.framework/Versions/A/SearchKit
0x000000000b472000 	/System/Library/Frameworks/CoreServices.framework/Versions/A/Frameworks/AE.framework/Versions/A/AE
0x000000000b472000 	/System/Library/Frameworks/CoreServices.framework/Versions/A/Frameworks/LaunchServices.framework/Versions/A/LaunchServices
0x000000000b472000 	/System/Library/Frameworks/CoreServices.framework/Versions/A/Frameworks/DictionaryServices.framework/Versions/A/DictionaryServices
0x000000000b472000 	/System/Library/Frameworks/NetFS.framework/Versions/A/NetFS
0x000000000b472000 	/System/Library/PrivateFrameworks/NetAuth.framework/Versions/A/NetAuth
0x000000000b472000 	/System/Library/PrivateFrameworks/login.framework/Versions/A/Frameworks/loginsupport.framework/Versions/A/loginsupport
0x000000000b472000 	/System/Library/PrivateFrameworks/TCC.framework/Versions/A/TCC
0x000000000b472000 	/usr/lib/libmecabra.dylib
0x000000000b472000 	/System/Library/Frameworks/ApplicationServices.framework/Versions/A/Frameworks/ATS.framework/Versions/A/ATS
0x000000000b472000 	/System/Library/Frameworks/ApplicationServices.framework/Versions/A/Frameworks/ColorSync.framework/Versions/A/ColorSync
0x000000000b472000 	/System/Library/Frameworks/ApplicationServices.framework/Versions/A/Frameworks/HIServices.framework/Versions/A/HIServices
0x000000000b472000 	/System/Library/Frameworks/ApplicationServices.framework/Versions/A/Frameworks/LangAnalysis.framework/Versions/A/LangAnalysis
0x000000000b472000 	/System/Library/Frameworks/ApplicationServices.framework/Versions/A/Frameworks/PrintCore.framework/Versions/A/PrintCore
0x000000000b472000 	/System/Library/Frameworks/ApplicationServices.framework/Versions/A/Frameworks/QD.framework/Versions/A/QD
0x000000000b472000 	/System/Library/Frameworks/ApplicationServices.framework/Versions/A/Frameworks/SpeechSynthesis.framework/Versions/A/SpeechSynthesis
0x000000000b472000 	/System/Library/Frameworks/Accelerate.framework/Versions/A/Accelerate
0x000000000b472000 	/System/Library/Frameworks/Accelerate.framework/Versions/A/Frameworks/vImage.framework/Versions/A/vImage
0x000000000b472000 	/System/Library/Frameworks/Accelerate.framework/Versions/A/Frameworks/vecLib.framework/Versions/A/vecLib
0x000000000b472000 	/System/Library/Frameworks/Accelerate.framework/Versions/A/Frameworks/vecLib.framework/Versions/A/libvDSP.dylib
0x000000000b472000 	/System/Library/Frameworks/Accelerate.framework/Versions/A/Frameworks/vecLib.framework/Versions/A/libvMisc.dylib
0x000000000b472000 	/System/Library/Frameworks/Accelerate.framework/Versions/A/Frameworks/vecLib.framework/Versions/A/libLAPACK.dylib
0x000000000b472000 	/System/Library/Frameworks/Accelerate.framework/Versions/A/Frameworks/vecLib.framework/Versions/A/libBLAS.dylib
0x000000000b472000 	/System/Library/Frameworks/Accelerate.framework/Versions/A/Frameworks/vecLib.framework/Versions/A/libLinearAlgebra.dylib
0x000000000b472000 	/System/Library/Frameworks/ApplicationServices.framework/Versions/A/Frameworks/ATS.framework/Versions/A/Resources/libFontParser.dylib
0x000000000b472000 	/System/Library/Frameworks/ApplicationServices.framework/Versions/A/Frameworks/ATS.framework/Versions/A/Resources/libFontRegistry.dylib
0x000000000b472000 	/System/Library/PrivateFrameworks/AppleVPA.framework/Versions/A/AppleVPA
0x000000000b472000 	/System/Library/PrivateFrameworks/AppleJPEG.framework/Versions/A/AppleJPEG
0x000000000b472000 	/System/Library/Frameworks/ImageIO.framework/Versions/A/Resources/libJPEG.dylib
0x000000000b472000 	/System/Library/Frameworks/ImageIO.framework/Versions/A/Resources/libTIFF.dylib
0x000000000b472000 	/System/Library/Frameworks/ImageIO.framework/Versions/A/Resources/libPng.dylib
0x000000000b472000 	/System/Library/Frameworks/ImageIO.framework/Versions/A/Resources/libGIF.dylib
0x000000000b472000 	/System/Library/Frameworks/ImageIO.framework/Versions/A/Resources/libJP2.dylib
0x000000000b472000 	/System/Library/Frameworks/ImageIO.framework/Versions/A/Resources/libRadiance.dylib
0x000000000b472000 	/System/Library/Frameworks/CoreVideo.framework/Versions/A/CoreVideo
0x000000000b472000 	/System/Library/Frameworks/OpenGL.framework/Versions/A/Libraries/libGLU.dylib
0x000000000b472000 	/System/Library/Frameworks/OpenGL.framework/Versions/A/Libraries/libGFXShared.dylib
0x000000000b472000 	/System/Library/Frameworks/OpenGL.framework/Versions/A/Libraries/libGL.dylib
0x000000000b472000 	/System/Library/Frameworks/OpenGL.framework/Versions/A/Libraries/libGLImage.dylib
0x000000000b472000 	/System/Library/Frameworks/OpenGL.framework/Versions/A/Libraries/libCVMSPluginSupport.dylib
0x000000000b472000 	/System/Library/Frameworks/OpenGL.framework/Versions/A/Libraries/libCoreVMClient.dylib
0x000000000b472000 	/usr/lib/libcups.2.dylib
0x000000000b472000 	/System/Library/Frameworks/Kerberos.framework/Versions/A/Kerberos
0x000000000b472000 	/System/Library/Frameworks/GSS.framework/Versions/A/GSS
0x000000000b472000 	/usr/lib/libresolv.9.dylib
0x000000000b472000 	/usr/lib/libiconv.2.dylib
0x000000000b472000 	/System/Library/PrivateFrameworks/Heimdal.framework/Versions/A/Heimdal
0x000000000b472000 	/usr/lib/libheimdal-asn1.dylib
0x000000000b472000 	/System/Library/Frameworks/OpenDirectory.framework/Versions/A/OpenDirectory
0x000000000b472000 	/System/Library/PrivateFrameworks/CommonAuth.framework/Versions/A/CommonAuth
0x000000000b472000 	/System/Library/Frameworks/OpenDirectory.framework/Versions/A/Frameworks/CFOpenDirectory.framework/Versions/A/CFOpenDirectory
0x000000000b472000 	/System/Library/Frameworks/SecurityFoundation.framework/Versions/A/SecurityFoundation
0x000000000b472000 	/System/Library/PrivateFrameworks/LanguageModeling.framework/Versions/A/LanguageModeling
0x000000000b472000 	/usr/lib/libcmph.dylib
0x000000000b472000 	/System/Library/Frameworks/ServiceManagement.framework/Versions/A/ServiceManagement
0x000000000b472000 	/usr/lib/libxslt.1.dylib
0x000000000b472000 	/System/Library/Frameworks/Carbon.framework/Versions/A/Frameworks/Ink.framework/Versions/A/Ink
0x000000000b472000 	/System/Library/Frameworks/QuartzCore.framework/Versions/A/Frameworks/CoreImage.framework/Versions/A/CoreImage
0x000000000b472000 	/System/Library/PrivateFrameworks/CrashReporterSupport.framework/Versions/A/CrashReporterSupport
0x000000000b472000 	/System/Library/Frameworks/OpenCL.framework/Versions/A/OpenCL
0x000000000b472000 	/System/Library/PrivateFrameworks/FaceCore.framework/Versions/A/FaceCore
0x000000000b472000 	/System/Library/PrivateFrameworks/Ubiquity.framework/Versions/A/Ubiquity
0x000000000b472000 	/System/Library/PrivateFrameworks/IconServices.framework/Versions/A/IconServices
0x000000000b472000 	/System/Library/PrivateFrameworks/ChunkingLibrary.framework/Versions/A/ChunkingLibrary
0x000000000b472000 	/System/Library/PrivateFrameworks/Apple80211.framework/Versions/A/Apple80211
0x000000000b472000 	/System/Library/Frameworks/CoreWLAN.framework/Versions/A/CoreWLAN
0x000000000b472000 	/System/Library/Frameworks/IOBluetooth.framework/Versions/A/IOBluetooth
0x000000000b472000 	/System/Library/PrivateFrameworks/CoreWiFi.framework/Versions/A/CoreWiFi
0x000000000b472000 	/System/Library/Frameworks/CoreBluetooth.framework/Versions/A/CoreBluetooth
0x000000000b472000 	/System/Library/PrivateFrameworks/DebugSymbols.framework/Versions/A/DebugSymbols
0x000000000b472000 	/System/Library/PrivateFrameworks/CoreSymbolication.framework/Versions/A/CoreSymbolication
0x000000000b472000 	/System/Library/PrivateFrameworks/Symbolication.framework/Versions/A/Symbolication
0x000000000b472000 	/System/Library/PrivateFrameworks/SpeechRecognitionCore.framework/Versions/A/SpeechRecognitionCore
0x000000010cc00000 	/Library/Java/JavaVirtualMachines/jdk1.8.0_66.jdk/Contents/Home/jre/lib/server/libjvm.dylib
0x000000000b472000 	/usr/lib/libstdc++.6.dylib
0x000000010bbb4000 	/Library/Java/JavaVirtualMachines/jdk1.8.0_66.jdk/Contents/Home/jre/lib/libverify.dylib
0x000000010bbc2000 	/Library/Java/JavaVirtualMachines/jdk1.8.0_66.jdk/Contents/Home/jre/lib/libjava.dylib
0x000000010dc91000 	/Library/Java/JavaVirtualMachines/jdk1.8.0_66.jdk/Contents/Home/jre/lib/libzip.dylib
0x0000000122834000 	/System/Library/Frameworks/JavaVM.framework/Frameworks/JavaRuntimeSupport.framework/JavaRuntimeSupport
0x000000012284c000 	/System/Library/Frameworks/JavaVM.framework/Versions/A/Frameworks/JavaNativeFoundation.framework/Versions/A/JavaNativeFoundation
0x0000000122861000 	/System/Library/Frameworks/JavaVM.framework/Versions/A/JavaVM
0x000000000b472000 	/System/Library/Frameworks/Carbon.framework/Versions/A/Carbon
0x000000012286e000 	/System/Library/PrivateFrameworks/JavaLaunching.framework/Versions/A/JavaLaunching
0x000000000b472000 	/System/Library/Frameworks/Carbon.framework/Versions/A/Frameworks/CommonPanels.framework/Versions/A/CommonPanels
0x000000000b472000 	/System/Library/Frameworks/Carbon.framework/Versions/A/Frameworks/Help.framework/Versions/A/Help
0x000000000b472000 	/System/Library/Frameworks/Carbon.framework/Versions/A/Frameworks/ImageCapture.framework/Versions/A/ImageCapture
0x000000000b472000 	/System/Library/Frameworks/Carbon.framework/Versions/A/Frameworks/OpenScripting.framework/Versions/A/OpenScripting
0x000000000b472000 	/System/Library/Frameworks/Carbon.framework/Versions/A/Frameworks/Print.framework/Versions/A/Print
0x000000000b472000 	/System/Library/Frameworks/Carbon.framework/Versions/A/Frameworks/SecurityHI.framework/Versions/A/SecurityHI
0x00000001248c4000 	/Library/Java/JavaVirtualMachines/jdk1.8.0_66.jdk/Contents/Home/jre/lib/libawt.dylib
0x000000012496c000 	/Library/Java/JavaVirtualMachines/jdk1.8.0_66.jdk/Contents/Home/jre/lib/./libmlib_image.dylib
0x0000000124a38000 	/Library/Java/JavaVirtualMachines/jdk1.8.0_66.jdk/Contents/Home/jre/lib/libawt_lwawt.dylib
0x0000000124aed000 	/Library/Java/JavaVirtualMachines/jdk1.8.0_66.jdk/Contents/Home/jre/lib/./libosxapp.dylib
0x000000000b472000 	/System/Library/Frameworks/ExceptionHandling.framework/Versions/A/ExceptionHandling
0x000000000b472000 	/System/Library/PrivateFrameworks/CoreServicesInternal.framework/Versions/A/CoreServicesInternal
0x000000000b472000 	/System/Library/PrivateFrameworks/CloudDocs.framework/Versions/A/CloudDocs
0x000000000b472000 	/System/Library/PrivateFrameworks/CoreDuet.framework/Versions/A/CoreDuet
0x000000000b472000 	/System/Library/Frameworks/CloudKit.framework/Versions/A/CloudKit
0x000000000b472000 	/System/Library/PrivateFrameworks/ProtocolBuffer.framework/Versions/A/ProtocolBuffer
0x000000000b472000 	/System/Library/PrivateFrameworks/CoreDuetDaemonProtocol.framework/Versions/A/CoreDuetDaemonProtocol
0x000000000b472000 	/System/Library/PrivateFrameworks/CoreDuetDebugLogging.framework/Versions/A/CoreDuetDebugLogging
0x000000000b472000 	/System/Library/PrivateFrameworks/MMCS.framework/Versions/A/MMCS
0x000000000b472000 	/System/Library/Frameworks/CoreLocation.framework/Versions/A/CoreLocation
0x000000000b472000 	/System/Library/PrivateFrameworks/ProtectedCloudStorage.framework/Versions/A/ProtectedCloudStorage
0x000000000b472000 	/System/Library/PrivateFrameworks/GeoServices.framework/Versions/A/GeoServices
0x000000000b472000 	/System/Library/Frameworks/CoreGraphics.framework/Versions/A/Resources/libCGCMS.A.dylib
0x000000000b472000 	/System/Library/Frameworks/CoreGraphics.framework/Versions/A/Resources/libRIP.A.dylib
0x000000000b472000 	/System/Library/Frameworks/CoreGraphics.framework/Versions/A/Resources/libCGXType.A.dylib
0x000000000b472000 	/System/Library/Frameworks/OpenCL.framework/Versions/A/Libraries/libcldcpuengine.dylib
0x000000000b472000 	/System/Library/PrivateFrameworks/DiskImages.framework/Versions/A/DiskImages
0x000000000b472000 	/System/Library/Frameworks/DiscRecording.framework/Versions/A/DiscRecording
0x000000000b472000 	/usr/lib/libcsfde.dylib
0x000000000b472000 	/usr/lib/libcurl.4.dylib
0x000000000b472000 	/System/Library/PrivateFrameworks/MediaKit.framework/Versions/A/MediaKit
0x000000000b472000 	/usr/lib/libCoreStorage.dylib
0x000000000b472000 	/System/Library/PrivateFrameworks/EFILogin.framework/Versions/A/EFILogin
0x000000000b472000 	/usr/lib/libutil.dylib
0x000000000b472000 	/System/Library/PrivateFrameworks/FindMyDevice.framework/Versions/A/FindMyDevice
0x000000000b472000 	/System/Library/Frameworks/LDAP.framework/Versions/A/LDAP
0x000000000b472000 	/usr/lib/libsasl2.2.dylib
0x000000000b472000 	/System/Library/PrivateFrameworks/CoreDaemon.framework/Versions/B/CoreDaemon
0x000000000b472000 	/usr/lib/libcrypto.0.9.8.dylib
0x000000000b472000 	/System/Library/PrivateFrameworks/AppleSRP.framework/Versions/A/AppleSRP
0x000000000b472000 	/System/Library/PrivateFrameworks/TrustEvaluationAgent.framework/Versions/A/TrustEvaluationAgent
0x0000000127fec000 	cl_kernels
0x0000000127fee000 	/System/Library/Frameworks/OpenCL.framework/Versions/A/Libraries/ImageFormats/unorm8_bgra.dylib
0x0000000127fde000 	cl_kernels
0x000000000b472000 	/System/Library/PrivateFrameworks/FamilyControls.framework/Versions/A/FamilyControls
0x000000000b472000 	/System/Library/PrivateFrameworks/CommerceKit.framework/Versions/A/Frameworks/CommerceCore.framework/Versions/A/CommerceCore
0x000000000b472000 	/System/Library/PrivateFrameworks/SystemAdministration.framework/Versions/A/SystemAdministration
0x000000000b472000 	/System/Library/PrivateFrameworks/AppContainer.framework/Versions/A/AppContainer
0x000000000b472000 	/System/Library/PrivateFrameworks/SecCodeWrapper.framework/Versions/A/SecCodeWrapper
0x000000000b472000 	/System/Library/Frameworks/DirectoryService.framework/Versions/A/DirectoryService
0x000000000b472000 	/System/Library/PrivateFrameworks/LoginUIKit.framework/Versions/A/Frameworks/LoginUICore.framework/Versions/A/LoginUICore
0x000000000b472000 	/usr/lib/libodfde.dylib
0x000000012932c000 	/Library/Java/JavaVirtualMachines/jdk1.8.0_66.jdk/Contents/Home/jre/lib/libfontmanager.dylib
0x0000000129393000 	/NetBeans/Libs/slick/liblwjgl.dylib
0x000000012743f000 	/Library/Java/JavaVirtualMachines/jdk1.8.0_66.jdk/Contents/Home/jre/lib/libjawt.dylib
0x000000000b472000 	/System/Library/Frameworks/OpenGL.framework/Versions/A/Resources/GLEngine.bundle/GLEngine
0x000000000b472000 	/System/Library/Frameworks/OpenGL.framework/Versions/A/Libraries/libGLProgrammability.dylib
0x0000000129415000 	/System/Library/Extensions/AppleIntelHD4000GraphicsGLDriver.bundle/Contents/MacOS/AppleIntelHD4000GraphicsGLDriver
0x000000000b472000 	/System/Library/PrivateFrameworks/IOAccelerator.framework/Versions/A/IOAccelerator
0x000000000b472000 	/System/Library/PrivateFrameworks/GPUSupport.framework/Versions/A/Libraries/libGPUSupportMercury.dylib
0x0000000000000000 	/System/Library/Extensions/GeForceGLDriver.bundle/Contents/MacOS/GeForceGLDriver
0x000000000b472000 	/System/Library/Extensions/GeForceGLDriver.bundle/Contents/MacOS/libclh.dylib
0x000000000b472000 	/System/Library/Frameworks/OpenGL.framework/Versions/A/Resources/GLRendererFloat.bundle/GLRendererFloat
0x000000012b520000 	/NetBeans/Libs/slick/libjinput-osx.dylib
0x000000012b525000 	/System/Library/Extensions/IOHIDFamily.kext/Contents/PlugIns/IOHIDLib.plugin/Contents/MacOS/IOHIDLib

VM Arguments:
jvm_args: -Dfile.encoding=UTF-8 -Djava.library.path=/NetBeans/Libs/slick -Xms1024m -Xmx1024m 
java_command: main.Main
java_class_path (initial): /NetBeans/Libs/slick/lib/jinput.jar:/NetBeans/Libs/slick/lib/lwjgl.jar:/NetBeans/Libs/slick/lib/lwjgl_util.jar:/NetBeans/Libs/slick/lib/slick.jar:/NetBeans/Game/build/classes
Launcher Type: SUN_STANDARD

Environment Variables:
PATH=/usr/bin:/bin:/usr/sbin:/sbin
LD_LIBRARY_PATH=/Library/Java/JavaVirtualMachines/jdk1.8.0_66.jdk/Contents/Home/jre/lib/amd64:/Library/Java/JavaVirtualMachines/jdk1.8.0_66.jdk/Contents/Home/jre/lib/i386:
SHELL=/bin/bash
DYLD_LIBRARY_PATH=/Applications/NetBeans/NetBeans 8.0.2.app/Contents/Resources/NetBeans/webcommon/bin:

Signal Handlers:
SIGSEGV: [libjvm.dylib+0x5a65d5], sa_mask[0]=11111111011111110111111111111111, sa_flags=SA_ONSTACK|SA_RESTART|SA_SIGINFO
SIGBUS: [libjvm.dylib+0x5a65d5], sa_mask[0]=11111111011111110111111111111111, sa_flags=SA_RESTART|SA_SIGINFO
SIGFPE: [libjvm.dylib+0x4802e8], sa_mask[0]=11111111011111110111111111111111, sa_flags=SA_RESTART|SA_SIGINFO
SIGPIPE: [libjvm.dylib+0x4802e8], sa_mask[0]=11111111011111110111111111111111, sa_flags=SA_RESTART|SA_SIGINFO
SIGXFSZ: [libjvm.dylib+0x4802e8], sa_mask[0]=11111111011111110111111111111111, sa_flags=SA_RESTART|SA_SIGINFO
SIGILL: [libjvm.dylib+0x4802e8], sa_mask[0]=11111111011111110111111111111111, sa_flags=SA_RESTART|SA_SIGINFO
SIGUSR1: SIG_DFL, sa_mask[0]=00000000000000000000000000000000, sa_flags=none
SIGUSR2: [libjvm.dylib+0x47fe06], sa_mask[0]=00100000000000000000000000000000, sa_flags=SA_RESTART|SA_SIGINFO
SIGHUP: [libjvm.dylib+0x47e3dd], sa_mask[0]=11111111011111110111111111111111, sa_flags=SA_RESTART|SA_SIGINFO
SIGINT: SIG_IGN, sa_mask[0]=00000000000000000000000000000000, sa_flags=none
SIGTERM: [libjvm.dylib+0x47e3dd], sa_mask[0]=11111111011111110111111111111111, sa_flags=SA_RESTART|SA_SIGINFO
SIGQUIT: [libjvm.dylib+0x47e3dd], sa_mask[0]=11111111011111110111111111111111, sa_flags=SA_RESTART|SA_SIGINFO


---------------  S Y S T E M  ---------------

OS:Bsduname:Darwin 14.5.0 Darwin Kernel Version 14.5.0: Wed Jul 29 02:26:53 PDT 2015; root:xnu-2782.40.9~1/RELEASE_X86_64 x86_64
rlimit: STACK 8192k, CORE 0k, NPROC 709, NOFILE 10240, AS infinity
load average:1.55 1.48 1.36

CPU:total 8 (4 cores per cpu, 2 threads per core) family 6 model 58 stepping 9, cmov, cx8, fxsr, mmx, sse, sse2, sse3, ssse3, sse4.1, sse4.2, popcnt, avx, aes, clmul, erms, ht, tsc, tscinvbit, tscinv

Memory: 4k page, physical 16777216k(1881388k free)

/proc/meminfo:


vm_info: Java HotSpot(TM) 64-Bit Server VM (25.66-b17) for bsd-amd64 JRE (1.8.0_66-b17), built on Oct  6 2015 16:09:13 by "java_re" with gcc 4.2.1 (Based on Apple Inc. build 5658) (LLVM build 2336.11.00)

time: Wed Nov  4 12:13:54 2015
elapsed time: 22 seconds (0d 0h 0m 22s)

